{"logTime": "0514/102011", "correlationVector":"zcPiA8jW7TZ2o9wsGp9nCI","action":"Normal GetUpdate request", "result":"", "context":cV=zcPiA8jW7TZ2o9wsGp9nCI
Nudged types: Sessions, Device Info, History
Refresh requested types: Bookmarks, Preferences, Passwords, Autofill Profiles, Autofill, Extensions, Sessions, Extension settings, History Delete Directives, Device Info, User Consents, Send Tab To Self, Web Apps, History, Saved Tab Group, WebAuthn Credentials, Collection, Edge E Drop, Edge Hub App Usage, Edge Wallet, Edge Workspace, Encryption Keys}
{"logTime": "0514/102011", "correlationVector":"zcPiA8jW7TZ2o9wsGp9nCI.1","action":"SyncServerConnectionManagerRequest", "result":"SYNC_SERVER_OK", "context":{"environment":"Prod_germanywestcentral_prod-s01-011-eur-germanywestcentral", "migrationStage":"NotStarted", "server":"akswtt100000000"}}
{"logTime": "0514/102011", "correlationVector":"zcPiA8jW7TZ2o9wsGp9nCI.2","action":"ProcessGetUpdates", "result":"Done", "context":{"dataType":"Sessions", "deleted":"1", "process_failed_to_decrypt":"0", "process_pending_decryption":"0", "process_success":"3", "total":"3"}}
{"logTime": "0514/102011", "correlationVector":"zcPiA8jW7TZ2o9wsGp9nCI.3","action":"ProcessGetUpdates", "result":"Done", "context":{"dataType":"Device Info", "deleted":"0", "process_failed_to_decrypt":"0", "process_pending_decryption":"0", "process_success":"1", "total":"1"}}
{"logTime": "0514/102011", "correlationVector":"zcPiA8jW7TZ2o9wsGp9nCI.4","action":"ProcessGetUpdates", "result":"Done", "context":{"dataType":"History", "deleted":"0", "process_failed_to_decrypt":"0", "process_pending_decryption":"0", "process_success":"7", "total":"7"}}
{"logTime": "0514/102011", "correlationVector":"zcPiA8jW7TZ2o9wsGp9nCI.5","action":"GetUpdates Response", "result":"Success", "context":Received 11 update(s). cV=zcPiA8jW7TZ2o9wsGp9nCI.0;server=akswtt100000000;cloudType=Consumer;environment=Prod_germanywestcentral_prod-s01-011-eur-germanywestcentral;migrationStage=NotStarted}
{"logTime": "0514/102012", "correlationVector":"LyEW/jMP3S2QRpB8NFjLfW","action":"Commit Request", "result":"", "context":Item count: 1
Contributing types: Device Info}
{"logTime": "0514/102013", "correlationVector":"LyEW/jMP3S2QRpB8NFjLfW.1","action":"SyncServerConnectionManagerRequest", "result":"SYNC_SERVER_OK", "context":{"environment":"Prod_germanywestcentral_prod-s01-011-eur-germanywestcentral", "migrationStage":"NotStarted", "server":"akswtt100000003"}}
{"logTime": "0514/102013", "correlationVector":"LyEW/jMP3S2QRpB8NFjLfW.2","action":"Commit Response", "result":"Success", "context":Result: Success. cV=LyEW/jMP3S2QRpB8NFjLfW.0;server=akswtt100000003;cloudType=Consumer;environment=Prod_germanywestcentral_prod-s01-011-eur-germanywestcentral;migrationStage=NotStarted}
{"logTime": "0514/102114", "correlationVector":"IRyckMd6+HAKaGbSudiU/O","action":"Commit Request", "result":"", "context":Item count: 3
Contributing types: Sessions, History}
{"logTime": "0514/102114", "correlationVector":"IRyckMd6+HAKaGbSudiU/O.1","action":"SyncServerConnectionManagerRequest", "result":"SYNC_SERVER_OK", "context":{"environment":"Prod_germanywestcentral_prod-s01-011-eur-germanywestcentral", "migrationStage":"NotStarted", "server":"akswtt10000000p"}}
{"logTime": "0514/102114", "correlationVector":"IRyckMd6+HAKaGbSudiU/O.2","action":"Commit Response", "result":"Success", "context":Result: Success. cV=IRyckMd6+HAKaGbSudiU/O.0;server=akswtt10000000p;cloudType=Consumer;environment=Prod_germanywestcentral_prod-s01-011-eur-germanywestcentral;migrationStage=NotStarted}
{"logTime": "0514/120808", "correlationVector":"WXgTazW+lT9jYYZ61/Idjk.1","action":"SyncServerConnectionManagerRequest", "result":"SYNC_SERVER_OK", "context":{"environment":"Prod_germanywestcentral_prod-s01-010-eur-germanywestcentral", "migrationStage":"NotStarted", "server":"akswtt00100000f"}}
{"logTime": "0514/120808", "correlationVector":"WXgTazW+lT9jYYZ61/Idjk.2","action":"ProcessGetUpdates", "result":"Done", "context":{"dataType":"Encryption Keys", "deleted":"0", "process_failed_to_decrypt":"0", "process_pending_decryption":"0", "process_success":"1", "total":"1"}}
{"logTime": "0514/120808", "correlationVector":"9DuLB+rCNPM5kEroP+/pFc","action":"SyncServerConnectionManagerRequest", "result":"SYNC_SERVER_OK", "context":{"environment":"", "migrationStage":"", "server":""}}
{"logTime": "0514/120808", "correlationVector":"9DuLB+rCNPM5kEroP+/pFc.0","action":"EncryptionKeysFetcher.DownloadKeys:", "result":"Success", "context":Key count: 7, Last key timestamp: 2025-11-17T16:31:26Z}
{"logTime": "0514/120808", "correlationVector":"9DuLB+rCNPM5kEroP+/pFc.1","action":"EncryptionKeysManager::SetEncryptionKeys:", "result":"Success", "context":Key names[7]:[uyitKoe8LQl8A8pS2D/znonv0eMLYpI/6Q20bKX0RqLhgqnlZtnoUAp4ZUsU75ZSsJhr6qxDAq+eUWpw+bX1SQ==][WjfYCxFq1xMeAlClfYRswndE7syu5Coa1wtg7c3VWNmLnm5Rsa3lDJRHTtLO711+URSlwe5H/jZn++K7GXwMWw==][QXtYYoZgvAPN78VDPZlr0AOV2lYZ1xDXAcPPee0XWLGJs4UBxkxydgh0xy2JwAhQztTUPMZmAi7vi+V7fETodQ==][X1/Gb0Uo6EFN6sO0o4apIOQ3HynOAkjOLRgOMG3he1RmIVViPIj9SX6Y9p80SIuhPhb3wotwKRAHiSajfoL83A==][HeojmCLoM4mOFd8xskNkTGTcE4LxsdbIRxaZAZ/BT11vThCBKMNbSEayb/HbvdoKxRx5APsDU5NOodAhq4cXYg==][gC4MKFG/vMAuMXtaigLvVcU4j3SOgVnKDH0wvZOLTPoG3nyTxuF6njOY7TyijVlfVfES5KqIHwQ/ibD/7Bbl8g==][oBEEd+/nSEkgCZ09sl/eQe4Ps8NkMjzfQYge7gDwBOBqpkkGjH24ZCXDKf0FK0S1TqOePdmisHq50FTYQBAY3Q==]}
{"logTime": "0514/120808", "correlationVector":"9DuLB+rCNPM5kEroP+/pFc.2","action":"EncryptionKeysManager::SetEncryptionKeysWithTimestamps:", "result":"Success", "context":Key timestamps[7]:[2022-10-02T21:47:17Z][2023-04-03T17:09:54Z][2023-10-18T09:45:40Z][2024-04-19T19:08:07Z][2024-10-23T19:04:46Z][2025-05-10T10:04:28Z][2025-11-17T16:31:26Z]}
{"logTime": "0514/120808", "correlationVector":"WXgTazW+lT9jYYZ61/Idjk","action":"Initial GetUpdates", "result":"", "context":Reason: NEW_CLIENT. cV=WXgTazW+lT9jYYZ61/Idjk}
{"logTime": "0514/120808", "correlationVector":"WXgTazW+lT9jYYZ61/Idjk.3","action":"GetUpdates Response", "result":"Success", "context":Received 1 update(s). cV=WXgTazW+lT9jYYZ61/Idjk.0;server=akswtt00100000f;cloudType=Consumer;environment=Prod_germanywestcentral_prod-s01-010-eur-germanywestcentral;migrationStage=NotStarted}
{"logTime": "0514/120808", "correlationVector":"j5fFWNIWD/2E1TKGdsmNmp","action":"Initial GetUpdates", "result":"", "context":Reason: NEWLY_SUPPORTED_DATATYPE. cV=j5fFWNIWD/2E1TKGdsmNmp}
{"logTime": "0514/120808", "correlationVector":"j5fFWNIWD/2E1TKGdsmNmp.1","action":"SyncServerConnectionManagerRequest", "result":"SYNC_SERVER_OK", "context":{"environment":"Prod_germanywestcentral_prod-s01-010-eur-germanywestcentral", "migrationStage":"NotStarted", "server":"akswtt00100000f"}}
{"logTime": "0514/120808", "correlationVector":"j5fFWNIWD/2E1TKGdsmNmp.2","action":"ProcessGetUpdates", "result":"Done", "context":{"dataType":"Preferences", "deleted":"0", "process_failed_to_decrypt":"0", "process_pending_decryption":"0", "process_success":"62", "total":"62"}}
{"logTime": "0514/120808", "correlationVector":"j5fFWNIWD/2E1TKGdsmNmp.3","action":"ProcessGetUpdates", "result":"Done", "context":{"dataType":"Device Info", "deleted":"0", "process_failed_to_decrypt":"0", "process_pending_decryption":"0", "process_success":"5", "total":"5"}}
{"logTime": "0514/120808", "correlationVector":"j5fFWNIWD/2E1TKGdsmNmp.4","action":"GetUpdates Response", "result":"Success", "context":Received 67 update(s). cV=j5fFWNIWD/2E1TKGdsmNmp.0;server=akswtt00100000f;cloudType=Consumer;environment=Prod_germanywestcentral_prod-s01-010-eur-germanywestcentral;migrationStage=NotStarted}
{"logTime": "0514/120808", "correlationVector":"AkQ6vn9EdjAoJpUpfW2ELX","action":"Initial GetUpdates", "result":"", "context":Reason: NEWLY_SUPPORTED_DATATYPE. cV=AkQ6vn9EdjAoJpUpfW2ELX}
{"logTime": "0514/120809", "correlationVector":"AkQ6vn9EdjAoJpUpfW2ELX.1","action":"SyncServerConnectionManagerRequest", "result":"SYNC_SERVER_OK", "context":{"environment":"Prod_germanywestcentral_prod-s01-010-eur-germanywestcentral", "migrationStage":"NotStarted", "server":"akswtt001000003"}}
{"logTime": "0514/120809", "correlationVector":"AkQ6vn9EdjAoJpUpfW2ELX.2","action":"ProcessGetUpdates", "result":"Done", "context":{"dataType":"Bookmarks", "deleted":"0", "process_failed_to_decrypt":"0", "process_pending_decryption":"0", "process_success":"9", "total":"9"}}
{"logTime": "0514/120809", "correlationVector":"AkQ6vn9EdjAoJpUpfW2ELX.3","action":"GetUpdates Response", "result":"Success", "context":Received 9 update(s). cV=AkQ6vn9EdjAoJpUpfW2ELX.0;server=akswtt001000003;cloudType=Consumer;environment=Prod_germanywestcentral_prod-s01-010-eur-germanywestcentral;migrationStage=NotStarted}
{"logTime": "0514/120809", "correlationVector":"C8n72s9Wg7XFt2gXOfpy38","action":"Initial GetUpdates", "result":"", "context":Reason: NEWLY_SUPPORTED_DATATYPE. cV=C8n72s9Wg7XFt2gXOfpy38}
{"logTime": "0514/120809", "correlationVector":"C8n72s9Wg7XFt2gXOfpy38.1","action":"SyncServerConnectionManagerRequest", "result":"SYNC_SERVER_OK", "context":{"environment":"Prod_germanywestcentral_prod-s01-010-eur-germanywestcentral", "migrationStage":"NotStarted", "server":"akswtt00100001p"}}
{"logTime": "0514/120809", "correlationVector":"C8n72s9Wg7XFt2gXOfpy38.2","action":"ProcessGetUpdates", "result":"Done", "context":{"dataType":"Autofill", "deleted":"0", "process_failed_to_decrypt":"0", "process_pending_decryption":"0", "process_success":"1", "total":"1"}}
{"logTime": "0514/120809", "correlationVector":"C8n72s9Wg7XFt2gXOfpy38.3","action":"ProcessGetUpdates", "result":"Done", "context":{"dataType":"Sessions", "deleted":"8", "process_failed_to_decrypt":"0", "process_pending_decryption":"0", "process_success":"11", "total":"11"}}
{"logTime": "0514/120809", "correlationVector":"C8n72s9Wg7XFt2gXOfpy38.4","action":"ProcessGetUpdates", "result":"Done", "context":{"dataType":"Edge Hub App Usage", "deleted":"0", "process_failed_to_decrypt":"0", "process_pending_decryption":"0", "process_success":"1", "total":"1"}}
{"logTime": "0514/120809", "correlationVector":"C8n72s9Wg7XFt2gXOfpy38.5","action":"GetUpdates Response", "result":"Success", "context":Received 13 update(s). cV=C8n72s9Wg7XFt2gXOfpy38.0;server=akswtt00100001p;cloudType=Consumer;environment=Prod_germanywestcentral_prod-s01-010-eur-germanywestcentral;migrationStage=NotStarted}
{"logTime": "0514/120809", "correlationVector":"m2OF5RKfJuXfesdHQtN9ds","action":"Initial GetUpdates", "result":"", "context":Reason: NEWLY_SUPPORTED_DATATYPE. cV=m2OF5RKfJuXfesdHQtN9ds}
{"logTime": "0514/120809", "correlationVector":"m2OF5RKfJuXfesdHQtN9ds.1","action":"SyncServerConnectionManagerRequest", "result":"SYNC_SERVER_OK", "context":{"environment":"Prod_germanywestcentral_prod-s01-010-eur-germanywestcentral", "migrationStage":"NotStarted", "server":"akswtt001000005"}}
{"logTime": "0514/120809", "correlationVector":"m2OF5RKfJuXfesdHQtN9ds.2","action":"ProcessGetUpdates", "result":"Done", "context":{"dataType":"History", "deleted":"0", "process_failed_to_decrypt":"0", "process_pending_decryption":"0", "process_success":"36", "total":"36"}}
{"logTime": "0514/120809", "correlationVector":"m2OF5RKfJuXfesdHQtN9ds.3","action":"GetUpdates Response", "result":"Success", "context":Received 36 update(s). cV=m2OF5RKfJuXfesdHQtN9ds.0;server=akswtt001000005;cloudType=Consumer;environment=Prod_germanywestcentral_prod-s01-010-eur-germanywestcentral;migrationStage=NotStarted}
{"logTime": "0514/120809", "correlationVector":"zxUNdIJpVT9iAtrWusddKC","action":"Normal GetUpdate request", "result":"", "context":cV=zxUNdIJpVT9iAtrWusddKC
Nudged types: Sessions, Device Info
Refresh requested types: Bookmarks, Preferences, Passwords, Autofill Profiles, Autofill, Extensions, Sessions, Extension settings, History Delete Directives, Device Info, User Consents, Send Tab To Self, Web Apps, History, Saved Tab Group, WebAuthn Credentials, Collection, Edge E Drop, Edge Hub App Usage, Edge Wallet, Edge Workspace, Encryption Keys}
{"logTime": "0514/120810", "correlationVector":"zxUNdIJpVT9iAtrWusddKC.1","action":"SyncServerConnectionManagerRequest", "result":"SYNC_SERVER_OK", "context":{"environment":"Prod_germanywestcentral_prod-s01-010-eur-germanywestcentral", "migrationStage":"NotStarted", "server":"akswtt001000003"}}
{"logTime": "0514/120810", "correlationVector":"zxUNdIJpVT9iAtrWusddKC.2","action":"GetUpdates Response", "result":"Success", "context":Received 0 update(s). cV=zxUNdIJpVT9iAtrWusddKC.0;server=akswtt001000003;cloudType=Consumer;environment=Prod_germanywestcentral_prod-s01-010-eur-germanywestcentral;migrationStage=NotStarted}
{"logTime": "0514/120810", "correlationVector":"2Qp5Jz2+LtfZsv34BTTiJL","action":"Commit Request", "result":"", "context":Item count: 4
Contributing types: Sessions, Device Info, History}
{"logTime": "0514/120811", "correlationVector":"2Qp5Jz2+LtfZsv34BTTiJL.1","action":"SyncServerConnectionManagerRequest", "result":"SYNC_SERVER_OK", "context":{"environment":"Prod_germanywestcentral_prod-s01-010-eur-germanywestcentral", "migrationStage":"NotStarted", "server":"akswtt001000005"}}
{"logTime": "0514/120811", "correlationVector":"2Qp5Jz2+LtfZsv34BTTiJL.2","action":"Commit Response", "result":"Success", "context":Result: Success. cV=2Qp5Jz2+LtfZsv34BTTiJL.0;server=akswtt001000005;cloudType=Consumer;environment=Prod_germanywestcentral_prod-s01-010-eur-germanywestcentral;migrationStage=NotStarted}
{"logTime": "0514/120913", "correlationVector":"MPm6tm965dNIrSP89UZu1X","action":"Commit Request", "result":"", "context":Item count: 2
Contributing types: Sessions, History}
{"logTime": "0514/120913", "correlationVector":"MPm6tm965dNIrSP89UZu1X.1","action":"SyncServerConnectionManagerRequest", "result":"SYNC_SERVER_OK", "context":{"environment":"Prod_germanywestcentral_prod-s01-010-eur-germanywestcentral", "migrationStage":"NotStarted", "server":"akswtt00100001p"}}
{"logTime": "0514/120913", "correlationVector":"MPm6tm965dNIrSP89UZu1X.2","action":"Commit Response", "result":"Success", "context":Result: Success. cV=MPm6tm965dNIrSP89UZu1X.0;server=akswtt00100001p;cloudType=Consumer;environment=Prod_germanywestcentral_prod-s01-010-eur-germanywestcentral;migrationStage=NotStarted}
{"logTime": "0514/220048", "correlationVector":"9JvGzZaJ2Ug0dI2bL8Mupc.1","action":"SyncServerConnectionManagerRequest", "result":"SYNC_SERVER_OK", "context":{"environment":"Prod_germanywestcentral_prod-s01-010-eur-germanywestcentral", "migrationStage":"NotStarted", "server":"akswtt00100002v"}}
{"logTime": "0514/220048", "correlationVector":"9JvGzZaJ2Ug0dI2bL8Mupc.2","action":"ProcessGetUpdates", "result":"Done", "context":{"dataType":"Encryption Keys", "deleted":"0", "process_failed_to_decrypt":"0", "process_pending_decryption":"0", "process_success":"1", "total":"1"}}
{"logTime": "0514/220049", "correlationVector":"0R42mltaMuxwDrhlC0FBoU","action":"SyncServerConnectionManagerRequest", "result":"SYNC_SERVER_OK", "context":{"environment":"", "migrationStage":"", "server":""}}
{"logTime": "0514/220049", "correlationVector":"0R42mltaMuxwDrhlC0FBoU.0","action":"EncryptionKeysFetcher.DownloadKeys:", "result":"Success", "context":Key count: 7, Last key timestamp: 2025-11-17T16:31:26Z}
{"logTime": "0514/220049", "correlationVector":"0R42mltaMuxwDrhlC0FBoU.1","action":"EncryptionKeysManager::SetEncryptionKeys:", "result":"Success", "context":Key names[7]:[uyitKoe8LQl8A8pS2D/znonv0eMLYpI/6Q20bKX0RqLhgqnlZtnoUAp4ZUsU75ZSsJhr6qxDAq+eUWpw+bX1SQ==][WjfYCxFq1xMeAlClfYRswndE7syu5Coa1wtg7c3VWNmLnm5Rsa3lDJRHTtLO711+URSlwe5H/jZn++K7GXwMWw==][QXtYYoZgvAPN78VDPZlr0AOV2lYZ1xDXAcPPee0XWLGJs4UBxkxydgh0xy2JwAhQztTUPMZmAi7vi+V7fETodQ==][X1/Gb0Uo6EFN6sO0o4apIOQ3HynOAkjOLRgOMG3he1RmIVViPIj9SX6Y9p80SIuhPhb3wotwKRAHiSajfoL83A==][HeojmCLoM4mOFd8xskNkTGTcE4LxsdbIRxaZAZ/BT11vThCBKMNbSEayb/HbvdoKxRx5APsDU5NOodAhq4cXYg==][gC4MKFG/vMAuMXtaigLvVcU4j3SOgVnKDH0wvZOLTPoG3nyTxuF6njOY7TyijVlfVfES5KqIHwQ/ibD/7Bbl8g==][oBEEd+/nSEkgCZ09sl/eQe4Ps8NkMjzfQYge7gDwBOBqpkkGjH24ZCXDKf0FK0S1TqOePdmisHq50FTYQBAY3Q==]}
{"logTime": "0514/220049", "correlationVector":"0R42mltaMuxwDrhlC0FBoU.2","action":"EncryptionKeysManager::SetEncryptionKeysWithTimestamps:", "result":"Success", "context":Key timestamps[7]:[2022-10-02T21:47:17Z][2023-04-03T17:09:54Z][2023-10-18T09:45:40Z][2024-04-19T19:08:07Z][2024-10-23T19:04:46Z][2025-05-10T10:04:28Z][2025-11-17T16:31:26Z]}
{"logTime": "0514/220049", "correlationVector":"9JvGzZaJ2Ug0dI2bL8Mupc","action":"Initial GetUpdates", "result":"", "context":Reason: NEW_CLIENT. cV=9JvGzZaJ2Ug0dI2bL8Mupc}
{"logTime": "0514/220049", "correlationVector":"9JvGzZaJ2Ug0dI2bL8Mupc.3","action":"GetUpdates Response", "result":"Success", "context":Received 1 update(s). cV=9JvGzZaJ2Ug0dI2bL8Mupc.0;server=akswtt00100002v;cloudType=Consumer;environment=Prod_germanywestcentral_prod-s01-010-eur-germanywestcentral;migrationStage=NotStarted}
{"logTime": "0514/220049", "correlationVector":"ZoZ43SEij1iKlnTTDG7BYL","action":"Normal GetUpdate request", "result":"", "context":cV=ZoZ43SEij1iKlnTTDG7BYL
Nudged types: Sessions, Device Info, History
Refresh requested types: Bookmarks, Preferences, Passwords, Autofill Profiles, Autofill, Extensions, Sessions, Extension settings, History Delete Directives, Device Info, User Consents, Send Tab To Self, Web Apps, History, Saved Tab Group, WebAuthn Credentials, Collection, Edge E Drop, Edge Hub App Usage, Edge Wallet, Edge Workspace, Encryption Keys}
{"logTime": "0514/220049", "correlationVector":"ZoZ43SEij1iKlnTTDG7BYL.1","action":"SyncServerConnectionManagerRequest", "result":"SYNC_SERVER_OK", "context":{"environment":"Prod_germanywestcentral_prod-s01-010-eur-germanywestcentral", "migrationStage":"NotStarted", "server":"akswtt001000005"}}
{"logTime": "0514/220049", "correlationVector":"ZoZ43SEij1iKlnTTDG7BYL.2","action":"ProcessGetUpdates", "result":"Done", "context":{"dataType":"Sessions", "deleted":"1", "process_failed_to_decrypt":"0", "process_pending_decryption":"0", "process_success":"3", "total":"3"}}
{"logTime": "0514/220049", "correlationVector":"ZoZ43SEij1iKlnTTDG7BYL.3","action":"ProcessGetUpdates", "result":"Done", "context":{"dataType":"Device Info", "deleted":"0", "process_failed_to_decrypt":"0", "process_pending_decryption":"0", "process_success":"1", "total":"1"}}
{"logTime": "0514/220049", "correlationVector":"ZoZ43SEij1iKlnTTDG7BYL.4","action":"ProcessGetUpdates", "result":"Done", "context":{"dataType":"History", "deleted":"0", "process_failed_to_decrypt":"0", "process_pending_decryption":"0", "process_success":"4", "total":"4"}}
{"logTime": "0514/220049", "correlationVector":"ZoZ43SEij1iKlnTTDG7BYL.5","action":"GetUpdates Response", "result":"Success", "context":Received 8 update(s). cV=ZoZ43SEij1iKlnTTDG7BYL.0;server=akswtt001000005;cloudType=Consumer;environment=Prod_germanywestcentral_prod-s01-010-eur-germanywestcentral;migrationStage=NotStarted}
{"logTime": "0514/220049", "correlationVector":"vVShMEw7+BMeDHWgb7Syqs","action":"Poll GetUpdate request", "result":"", "context":cV=vVShMEw7+BMeDHWgb7Syqs}
{"logTime": "0514/220049", "correlationVector":"vVShMEw7+BMeDHWgb7Syqs.1","action":"SyncServerConnectionManagerRequest", "result":"SYNC_SERVER_OK", "context":{"environment":"Prod_germanywestcentral_prod-s01-010-eur-germanywestcentral", "migrationStage":"NotStarted", "server":"akswtt00100000f"}}
{"logTime": "0514/220049", "correlationVector":"vVShMEw7+BMeDHWgb7Syqs.2","action":"GetUpdates Response", "result":"Success", "context":Received 0 update(s). cV=vVShMEw7+BMeDHWgb7Syqs.0;server=akswtt00100000f;cloudType=Consumer;environment=Prod_germanywestcentral_prod-s01-010-eur-germanywestcentral;migrationStage=NotStarted}
{"logTime": "0514/220050", "correlationVector":"9TYjxMiAOk6fgosFHLG84d","action":"Commit Request", "result":"", "context":Item count: 1
Contributing types: Device Info}
{"logTime": "0514/220050", "correlationVector":"9TYjxMiAOk6fgosFHLG84d.1","action":"SyncServerConnectionManagerRequest", "result":"SYNC_SERVER_OK", "context":{"environment":"Prod_germanywestcentral_prod-s01-010-eur-germanywestcentral", "migrationStage":"NotStarted", "server":"akswtt00100000e"}}
{"logTime": "0514/220050", "correlationVector":"9TYjxMiAOk6fgosFHLG84d.2","action":"Commit Response", "result":"Success", "context":Result: Success. cV=9TYjxMiAOk6fgosFHLG84d.0;server=akswtt00100000e;cloudType=Consumer;environment=Prod_germanywestcentral_prod-s01-010-eur-germanywestcentral;migrationStage=NotStarted}
{"logTime": "0514/220751", "correlationVector":"/Z4Y8su4EKK6NUBLs0RAkH.1","action":"SyncServerConnectionManagerRequest", "result":"SYNC_SERVER_OK", "context":{"environment":"Prod_germanywestcentral_prod-s01-010-eur-germanywestcentral", "migrationStage":"NotStarted", "server":"akswtt001000005"}}
{"logTime": "0514/220751", "correlationVector":"/Z4Y8su4EKK6NUBLs0RAkH.2","action":"ProcessGetUpdates", "result":"Done", "context":{"dataType":"Encryption Keys", "deleted":"0", "process_failed_to_decrypt":"0", "process_pending_decryption":"0", "process_success":"1", "total":"1"}}
{"logTime": "0514/220752", "correlationVector":"UEWvonpSBKi9QbWfWXYUaJ","action":"SyncServerConnectionManagerRequest", "result":"SYNC_SERVER_OK", "context":{"environment":"", "migrationStage":"", "server":""}}
{"logTime": "0514/220752", "correlationVector":"UEWvonpSBKi9QbWfWXYUaJ.0","action":"EncryptionKeysFetcher.DownloadKeys:", "result":"Success", "context":Key count: 7, Last key timestamp: 2025-11-17T16:31:26Z}
{"logTime": "0514/220752", "correlationVector":"UEWvonpSBKi9QbWfWXYUaJ.1","action":"EncryptionKeysManager::SetEncryptionKeys:", "result":"Success", "context":Key names[7]:[uyitKoe8LQl8A8pS2D/znonv0eMLYpI/6Q20bKX0RqLhgqnlZtnoUAp4ZUsU75ZSsJhr6qxDAq+eUWpw+bX1SQ==][WjfYCxFq1xMeAlClfYRswndE7syu5Coa1wtg7c3VWNmLnm5Rsa3lDJRHTtLO711+URSlwe5H/jZn++K7GXwMWw==][QXtYYoZgvAPN78VDPZlr0AOV2lYZ1xDXAcPPee0XWLGJs4UBxkxydgh0xy2JwAhQztTUPMZmAi7vi+V7fETodQ==][X1/Gb0Uo6EFN6sO0o4apIOQ3HynOAkjOLRgOMG3he1RmIVViPIj9SX6Y9p80SIuhPhb3wotwKRAHiSajfoL83A==][HeojmCLoM4mOFd8xskNkTGTcE4LxsdbIRxaZAZ/BT11vThCBKMNbSEayb/HbvdoKxRx5APsDU5NOodAhq4cXYg==][gC4MKFG/vMAuMXtaigLvVcU4j3SOgVnKDH0wvZOLTPoG3nyTxuF6njOY7TyijVlfVfES5KqIHwQ/ibD/7Bbl8g==][oBEEd+/nSEkgCZ09sl/eQe4Ps8NkMjzfQYge7gDwBOBqpkkGjH24ZCXDKf0FK0S1TqOePdmisHq50FTYQBAY3Q==]}
{"logTime": "0514/220752", "correlationVector":"UEWvonpSBKi9QbWfWXYUaJ.2","action":"EncryptionKeysManager::SetEncryptionKeysWithTimestamps:", "result":"Success", "context":Key timestamps[7]:[2022-10-02T21:47:17Z][2023-04-03T17:09:54Z][2023-10-18T09:45:40Z][2024-04-19T19:08:07Z][2024-10-23T19:04:46Z][2025-05-10T10:04:28Z][2025-11-17T16:31:26Z]}
{"logTime": "0514/220752", "correlationVector":"/Z4Y8su4EKK6NUBLs0RAkH","action":"Initial GetUpdates", "result":"", "context":Reason: NEW_CLIENT. cV=/Z4Y8su4EKK6NUBLs0RAkH}
{"logTime": "0514/220752", "correlationVector":"/Z4Y8su4EKK6NUBLs0RAkH.3","action":"GetUpdates Response", "result":"Success", "context":Received 1 update(s). cV=/Z4Y8su4EKK6NUBLs0RAkH.0;server=akswtt001000005;cloudType=Consumer;environment=Prod_germanywestcentral_prod-s01-010-eur-germanywestcentral;migrationStage=NotStarted}
{"logTime": "0514/220752", "correlationVector":"fcsFtb6yaG3y21mF3B9h+X","action":"Initial GetUpdates", "result":"", "context":Reason: NEWLY_SUPPORTED_DATATYPE. cV=fcsFtb6yaG3y21mF3B9h+X}
{"logTime": "0514/220753", "correlationVector":"fcsFtb6yaG3y21mF3B9h+X.1","action":"SyncServerConnectionManagerRequest", "result":"SYNC_SERVER_OK", "context":{"environment":"Prod_germanywestcentral_prod-s01-010-eur-germanywestcentral", "migrationStage":"NotStarted", "server":"akswtt00100000g"}}
{"logTime": "0514/220753", "correlationVector":"fcsFtb6yaG3y21mF3B9h+X.2","action":"ProcessGetUpdates", "result":"Done", "context":{"dataType":"Preferences", "deleted":"0", "process_failed_to_decrypt":"0", "process_pending_decryption":"0", "process_success":"62", "total":"62"}}
{"logTime": "0514/220753", "correlationVector":"fcsFtb6yaG3y21mF3B9h+X.3","action":"ProcessGetUpdates", "result":"Done", "context":{"dataType":"Device Info", "deleted":"0", "process_failed_to_decrypt":"0", "process_pending_decryption":"0", "process_success":"5", "total":"5"}}
{"logTime": "0514/220753", "correlationVector":"fcsFtb6yaG3y21mF3B9h+X.4","action":"GetUpdates Response", "result":"Success", "context":Received 67 update(s). cV=fcsFtb6yaG3y21mF3B9h+X.0;server=akswtt00100000g;cloudType=Consumer;environment=Prod_germanywestcentral_prod-s01-010-eur-germanywestcentral;migrationStage=NotStarted}
{"logTime": "0514/220753", "correlationVector":"NmDFHgbh5f219VgqlU/1Zd","action":"Initial GetUpdates", "result":"", "context":Reason: NEWLY_SUPPORTED_DATATYPE. cV=NmDFHgbh5f219VgqlU/1Zd}
{"logTime": "0514/220753", "correlationVector":"NmDFHgbh5f219VgqlU/1Zd.1","action":"SyncServerConnectionManagerRequest", "result":"SYNC_SERVER_OK", "context":{"environment":"Prod_germanywestcentral_prod-s01-010-eur-germanywestcentral", "migrationStage":"NotStarted", "server":"akswtt00100000k"}}
{"logTime": "0514/220753", "correlationVector":"NmDFHgbh5f219VgqlU/1Zd.2","action":"ProcessGetUpdates", "result":"Done", "context":{"dataType":"Bookmarks", "deleted":"0", "process_failed_to_decrypt":"0", "process_pending_decryption":"0", "process_success":"9", "total":"9"}}
{"logTime": "0514/220753", "correlationVector":"NmDFHgbh5f219VgqlU/1Zd.3","action":"GetUpdates Response", "result":"Success", "context":Received 9 update(s). cV=NmDFHgbh5f219VgqlU/1Zd.0;server=akswtt00100000k;cloudType=Consumer;environment=Prod_germanywestcentral_prod-s01-010-eur-germanywestcentral;migrationStage=NotStarted}
{"logTime": "0514/220753", "correlationVector":"PoRqhEuK7Da3k3sVDIXhZq","action":"Initial GetUpdates", "result":"", "context":Reason: NEWLY_SUPPORTED_DATATYPE. cV=PoRqhEuK7Da3k3sVDIXhZq}
{"logTime": "0514/220753", "correlationVector":"PoRqhEuK7Da3k3sVDIXhZq.1","action":"SyncServerConnectionManagerRequest", "result":"SYNC_SERVER_OK", "context":{"environment":"Prod_germanywestcentral_prod-s01-010-eur-germanywestcentral", "migrationStage":"NotStarted", "server":"akswtt00100000h"}}
{"logTime": "0514/220753", "correlationVector":"PoRqhEuK7Da3k3sVDIXhZq.2","action":"ProcessGetUpdates", "result":"Done", "context":{"dataType":"Autofill", "deleted":"0", "process_failed_to_decrypt":"0", "process_pending_decryption":"0", "process_success":"1", "total":"1"}}
{"logTime": "0514/220753", "correlationVector":"PoRqhEuK7Da3k3sVDIXhZq.3","action":"ProcessGetUpdates", "result":"Done", "context":{"dataType":"Sessions", "deleted":"9", "process_failed_to_decrypt":"0", "process_pending_decryption":"0", "process_success":"12", "total":"12"}}
{"logTime": "0514/220753", "correlationVector":"PoRqhEuK7Da3k3sVDIXhZq.4","action":"ProcessGetUpdates", "result":"Done", "context":{"dataType":"Edge Hub App Usage", "deleted":"0", "process_failed_to_decrypt":"0", "process_pending_decryption":"0", "process_success":"1", "total":"1"}}
{"logTime": "0514/220753", "correlationVector":"PoRqhEuK7Da3k3sVDIXhZq.5","action":"GetUpdates Response", "result":"Success", "context":Received 14 update(s). cV=PoRqhEuK7Da3k3sVDIXhZq.0;server=akswtt00100000h;cloudType=Consumer;environment=Prod_germanywestcentral_prod-s01-010-eur-germanywestcentral;migrationStage=NotStarted}
{"logTime": "0514/220753", "correlationVector":"t+gd1y9I5kcDtVkHyRpU+5","action":"Initial GetUpdates", "result":"", "context":Reason: NEWLY_SUPPORTED_DATATYPE. cV=t+gd1y9I5kcDtVkHyRpU+5}
{"logTime": "0514/220753", "correlationVector":"t+gd1y9I5kcDtVkHyRpU+5.1","action":"SyncServerConnectionManagerRequest", "result":"SYNC_SERVER_OK", "context":{"environment":"Prod_germanywestcentral_prod-s01-010-eur-germanywestcentral", "migrationStage":"NotStarted", "server":"akswtt00100001s"}}
{"logTime": "0514/220753", "correlationVector":"t+gd1y9I5kcDtVkHyRpU+5.2","action":"ProcessGetUpdates", "result":"Done", "context":{"dataType":"History", "deleted":"0", "process_failed_to_decrypt":"0", "process_pending_decryption":"0", "process_success":"41", "total":"41"}}
{"logTime": "0514/220753", "correlationVector":"t+gd1y9I5kcDtVkHyRpU+5.3","action":"GetUpdates Response", "result":"Success", "context":Received 41 update(s). cV=t+gd1y9I5kcDtVkHyRpU+5.0;server=akswtt00100001s;cloudType=Consumer;environment=Prod_germanywestcentral_prod-s01-010-eur-germanywestcentral;migrationStage=NotStarted}
{"logTime": "0514/220753", "correlationVector":"SriGHSs2PtQrITc/KihUwW","action":"Normal GetUpdate request", "result":"", "context":cV=SriGHSs2PtQrITc/KihUwW
Nudged types: Sessions, Device Info
Refresh requested types: Bookmarks, Preferences, Passwords, Autofill Profiles, Autofill, Extensions, Sessions, Extension settings, History Delete Directives, Device Info, User Consents, Send Tab To Self, Web Apps, History, Saved Tab Group, WebAuthn Credentials, Collection, Edge E Drop, Edge Hub App Usage, Edge Wallet, Edge Workspace, Encryption Keys}
{"logTime": "0514/220753", "correlationVector":"SriGHSs2PtQrITc/KihUwW.1","action":"SyncServerConnectionManagerRequest", "result":"SYNC_SERVER_OK", "context":{"environment":"Prod_germanywestcentral_prod-s01-010-eur-germanywestcentral", "migrationStage":"NotStarted", "server":"akswtt00100000g"}}
{"logTime": "0514/220753", "correlationVector":"SriGHSs2PtQrITc/KihUwW.2","action":"GetUpdates Response", "result":"Success", "context":Received 0 update(s). cV=SriGHSs2PtQrITc/KihUwW.0;server=akswtt00100000g;cloudType=Consumer;environment=Prod_germanywestcentral_prod-s01-010-eur-germanywestcentral;migrationStage=NotStarted}
{"logTime": "0514/220753", "correlationVector":"E9qR3BGkwmGu5CsZNTGrUV","action":"Commit Request", "result":"", "context":Item count: 3
Contributing types: Sessions, Device Info}
{"logTime": "0514/220754", "correlationVector":"E9qR3BGkwmGu5CsZNTGrUV.1","action":"SyncServerConnectionManagerRequest", "result":"SYNC_SERVER_OK", "context":{"environment":"Prod_germanywestcentral_prod-s01-010-eur-germanywestcentral", "migrationStage":"NotStarted", "server":"akswtt00100000h"}}
{"logTime": "0514/220754", "correlationVector":"E9qR3BGkwmGu5CsZNTGrUV.2","action":"Commit Response", "result":"Success", "context":Result: Success. cV=E9qR3BGkwmGu5CsZNTGrUV.0;server=akswtt00100000h;cloudType=Consumer;environment=Prod_germanywestcentral_prod-s01-010-eur-germanywestcentral;migrationStage=NotStarted}
{"logTime": "0514/220855", "correlationVector":"EF+oXcynetOLhg4Pm6YZuG","action":"Commit Request", "result":"", "context":Item count: 2
Contributing types: Sessions, History}
{"logTime": "0514/220856", "correlationVector":"EF+oXcynetOLhg4Pm6YZuG.1","action":"SyncServerConnectionManagerRequest", "result":"SYNC_SERVER_OK", "context":{"environment":"Prod_germanywestcentral_prod-s01-010-eur-germanywestcentral", "migrationStage":"NotStarted", "server":"akswtt00100000h"}}
{"logTime": "0514/220856", "correlationVector":"EF+oXcynetOLhg4Pm6YZuG.2","action":"Commit Response", "result":"Success", "context":Result: Success. cV=EF+oXcynetOLhg4Pm6YZuG.0;server=akswtt00100000h;cloudType=Consumer;environment=Prod_germanywestcentral_prod-s01-010-eur-germanywestcentral;migrationStage=NotStarted}
{"logTime": "0514/220900", "correlationVector":"Rnzda7fltPuaIrtZbJmpYV","action":"Commit Request", "result":"", "context":Item count: 1
Contributing types: Device Info}
{"logTime": "0514/220900", "correlationVector":"Rnzda7fltPuaIrtZbJmpYV.1","action":"SyncServerConnectionManagerRequest", "result":"SYNC_SERVER_OK", "context":{"environment":"Prod_germanywestcentral_prod-s01-010-eur-germanywestcentral", "migrationStage":"NotStarted", "server":"akswtt00100001p"}}
{"logTime": "0514/220900", "correlationVector":"Rnzda7fltPuaIrtZbJmpYV.2","action":"Commit Response", "result":"Success", "context":Result: Success. cV=Rnzda7fltPuaIrtZbJmpYV.0;server=akswtt00100001p;cloudType=Consumer;environment=Prod_germanywestcentral_prod-s01-010-eur-germanywestcentral;migrationStage=NotStarted}
{"logTime": "0514/221313", "correlationVector":"aSuOdom8KwPzD3ZrTnU6qv","action":"Commit Request", "result":"", "context":Item count: 1
Contributing types: Sessions}
{"logTime": "0514/221313", "correlationVector":"aSuOdom8KwPzD3ZrTnU6qv.1","action":"SyncServerConnectionManagerRequest", "result":"SYNC_SERVER_OK", "context":{"environment":"Prod_germanywestcentral_prod-s01-010-eur-germanywestcentral", "migrationStage":"NotStarted", "server":"akswtt00100002v"}}
{"logTime": "0514/221313", "correlationVector":"aSuOdom8KwPzD3ZrTnU6qv.2","action":"Commit Response", "result":"Success", "context":Result: Success. cV=aSuOdom8KwPzD3ZrTnU6qv.0;server=akswtt00100002v;cloudType=Consumer;environment=Prod_germanywestcentral_prod-s01-010-eur-germanywestcentral;migrationStage=NotStarted}
{"logTime": "0515/073229", "correlationVector":"pCm7KkjQzDV56dq8SN5ZJB.1","action":"SyncServerConnectionManagerRequest", "result":"SYNC_SERVER_OK", "context":{"environment":"Prod_westeurope_prod-s01-080-eur-westeurope", "migrationStage":"NotStarted", "server":"akswtt00100001a"}}
{"logTime": "0515/073229", "correlationVector":"pCm7KkjQzDV56dq8SN5ZJB.2","action":"ProcessGetUpdates", "result":"Done", "context":{"dataType":"Encryption Keys", "deleted":"0", "process_failed_to_decrypt":"0", "process_pending_decryption":"0", "process_success":"1", "total":"1"}}
{"logTime": "0515/073230", "correlationVector":"wrPiF3Xe8eLEGNokEicwFm","action":"SyncServerConnectionManagerRequest", "result":"SYNC_SERVER_OK", "context":{"environment":"", "migrationStage":"", "server":""}}
{"logTime": "0515/073230", "correlationVector":"wrPiF3Xe8eLEGNokEicwFm.0","action":"EncryptionKeysFetcher.DownloadKeys:", "result":"Success", "context":Key count: 7, Last key timestamp: 2025-11-17T16:31:26Z}
{"logTime": "0515/073230", "correlationVector":"wrPiF3Xe8eLEGNokEicwFm.1","action":"EncryptionKeysManager::SetEncryptionKeys:", "result":"Success", "context":Key names[7]:[uyitKoe8LQl8A8pS2D/znonv0eMLYpI/6Q20bKX0RqLhgqnlZtnoUAp4ZUsU75ZSsJhr6qxDAq+eUWpw+bX1SQ==][WjfYCxFq1xMeAlClfYRswndE7syu5Coa1wtg7c3VWNmLnm5Rsa3lDJRHTtLO711+URSlwe5H/jZn++K7GXwMWw==][QXtYYoZgvAPN78VDPZlr0AOV2lYZ1xDXAcPPee0XWLGJs4UBxkxydgh0xy2JwAhQztTUPMZmAi7vi+V7fETodQ==][X1/Gb0Uo6EFN6sO0o4apIOQ3HynOAkjOLRgOMG3he1RmIVViPIj9SX6Y9p80SIuhPhb3wotwKRAHiSajfoL83A==][HeojmCLoM4mOFd8xskNkTGTcE4LxsdbIRxaZAZ/BT11vThCBKMNbSEayb/HbvdoKxRx5APsDU5NOodAhq4cXYg==][gC4MKFG/vMAuMXtaigLvVcU4j3SOgVnKDH0wvZOLTPoG3nyTxuF6njOY7TyijVlfVfES5KqIHwQ/ibD/7Bbl8g==][oBEEd+/nSEkgCZ09sl/eQe4Ps8NkMjzfQYge7gDwBOBqpkkGjH24ZCXDKf0FK0S1TqOePdmisHq50FTYQBAY3Q==]}
{"logTime": "0515/073230", "correlationVector":"wrPiF3Xe8eLEGNokEicwFm.2","action":"EncryptionKeysManager::SetEncryptionKeysWithTimestamps:", "result":"Success", "context":Key timestamps[7]:[2022-10-02T21:47:17Z][2023-04-03T17:09:54Z][2023-10-18T09:45:40Z][2024-04-19T19:08:07Z][2024-10-23T19:04:46Z][2025-05-10T10:04:28Z][2025-11-17T16:31:26Z]}
{"logTime": "0515/073230", "correlationVector":"pCm7KkjQzDV56dq8SN5ZJB","action":"Initial GetUpdates", "result":"", "context":Reason: NEW_CLIENT. cV=pCm7KkjQzDV56dq8SN5ZJB}
{"logTime": "0515/073230", "correlationVector":"pCm7KkjQzDV56dq8SN5ZJB.3","action":"GetUpdates Response", "result":"Success", "context":Received 1 update(s). cV=pCm7KkjQzDV56dq8SN5ZJB.0;server=akswtt00100001a;cloudType=Consumer;environment=Prod_westeurope_prod-s01-080-eur-westeurope;migrationStage=NotStarted}
{"logTime": "0515/073230", "correlationVector":"XxOwY4+WJChNZSVM4ciKCT","action":"Normal GetUpdate request", "result":"", "context":cV=XxOwY4+WJChNZSVM4ciKCT
Nudged types: Sessions, Device Info, History
Refresh requested types: Bookmarks, Preferences, Passwords, Autofill Profiles, Autofill, Extensions, Sessions, Extension settings, History Delete Directives, Device Info, User Consents, Send Tab To Self, Web Apps, History, Saved Tab Group, WebAuthn Credentials, Collection, Edge E Drop, Edge Hub App Usage, Edge Wallet, Edge Workspace, Encryption Keys}
{"logTime": "0515/073230", "correlationVector":"XxOwY4+WJChNZSVM4ciKCT.1","action":"SyncServerConnectionManagerRequest", "result":"SYNC_SERVER_OK", "context":{"environment":"Prod_germanywestcentral_prod-s01-010-eur-germanywestcentral", "migrationStage":"NotStarted", "server":"akswtt00100000e"}}
{"logTime": "0515/073230", "correlationVector":"XxOwY4+WJChNZSVM4ciKCT.2","action":"ProcessGetUpdates", "result":"Done", "context":{"dataType":"Sessions", "deleted":"1", "process_failed_to_decrypt":"0", "process_pending_decryption":"0", "process_success":"3", "total":"3"}}
{"logTime": "0515/073230", "correlationVector":"XxOwY4+WJChNZSVM4ciKCT.3","action":"ProcessGetUpdates", "result":"Done", "context":{"dataType":"Device Info", "deleted":"0", "process_failed_to_decrypt":"0", "process_pending_decryption":"0", "process_success":"1", "total":"1"}}
{"logTime": "0515/073230", "correlationVector":"XxOwY4+WJChNZSVM4ciKCT.4","action":"ProcessGetUpdates", "result":"Done", "context":{"dataType":"History", "deleted":"0", "process_failed_to_decrypt":"0", "process_pending_decryption":"0", "process_success":"3", "total":"3"}}
{"logTime": "0515/073230", "correlationVector":"XxOwY4+WJChNZSVM4ciKCT.5","action":"GetUpdates Response", "result":"Success", "context":Received 7 update(s). cV=XxOwY4+WJChNZSVM4ciKCT.0;server=akswtt00100000e;cloudType=Consumer;environment=Prod_germanywestcentral_prod-s01-010-eur-germanywestcentral;migrationStage=NotStarted}
{"logTime": "0515/073230", "correlationVector":"QVaT7ssgUqpE676Au2ViSU","action":"Poll GetUpdate request", "result":"", "context":cV=QVaT7ssgUqpE676Au2ViSU}
{"logTime": "0515/073230", "correlationVector":"QVaT7ssgUqpE676Au2ViSU.1","action":"SyncServerConnectionManagerRequest", "result":"SYNC_SERVER_OK", "context":{"environment":"Prod_germanywestcentral_prod-s01-010-eur-germanywestcentral", "migrationStage":"NotStarted", "server":"akswtt001000000"}}
{"logTime": "0515/073230", "correlationVector":"QVaT7ssgUqpE676Au2ViSU.2","action":"GetUpdates Response", "result":"Success", "context":Received 0 update(s). cV=QVaT7ssgUqpE676Au2ViSU.0;server=akswtt001000000;cloudType=Consumer;environment=Prod_germanywestcentral_prod-s01-010-eur-germanywestcentral;migrationStage=NotStarted}
{"logTime": "0515/073231", "correlationVector":"szbFb/eNYIptqnkSkfxGs1","action":"Commit Request", "result":"", "context":Item count: 1
Contributing types: Device Info}
{"logTime": "0515/073231", "correlationVector":"szbFb/eNYIptqnkSkfxGs1.1","action":"SyncServerConnectionManagerRequest", "result":"SYNC_SERVER_OK", "context":{"environment":"Prod_germanywestcentral_prod-s01-010-eur-germanywestcentral", "migrationStage":"NotStarted", "server":"akswtt00100000g"}}
{"logTime": "0515/073231", "correlationVector":"szbFb/eNYIptqnkSkfxGs1.2","action":"Commit Response", "result":"Success", "context":Result: Success. cV=szbFb/eNYIptqnkSkfxGs1.0;server=akswtt00100000g;cloudType=Consumer;environment=Prod_germanywestcentral_prod-s01-010-eur-germanywestcentral;migrationStage=NotStarted}
{"logTime": "0515/073332", "correlationVector":"/b+hVdDh8oZzvjIs0Nf517","action":"Commit Request", "result":"", "context":Item count: 3
Contributing types: Sessions, History}
{"logTime": "0515/073332", "correlationVector":"/b+hVdDh8oZzvjIs0Nf517.1","action":"SyncServerConnectionManagerRequest", "result":"SYNC_SERVER_OK", "context":{"environment":"Prod_germanywestcentral_prod-s01-010-eur-germanywestcentral", "migrationStage":"NotStarted", "server":"akswtt00100000e"}}
{"logTime": "0515/073332", "correlationVector":"/b+hVdDh8oZzvjIs0Nf517.2","action":"Commit Response", "result":"Success", "context":Result: Success. cV=/b+hVdDh8oZzvjIs0Nf517.0;server=akswtt00100000e;cloudType=Consumer;environment=Prod_germanywestcentral_prod-s01-010-eur-germanywestcentral;migrationStage=NotStarted}
{"logTime": "0515/073604", "correlationVector":"2EaJ6zCkBtIgFehyz9didk.1","action":"SyncServerConnectionManagerRequest", "result":"SYNC_SERVER_OK", "context":{"environment":"Prod_germanywestcentral_prod-s01-010-eur-germanywestcentral", "migrationStage":"NotStarted", "server":"akswtt00100000k"}}
{"logTime": "0515/073604", "correlationVector":"2EaJ6zCkBtIgFehyz9didk.2","action":"ProcessGetUpdates", "result":"Done", "context":{"dataType":"Encryption Keys", "deleted":"0", "process_failed_to_decrypt":"0", "process_pending_decryption":"0", "process_success":"1", "total":"1"}}
{"logTime": "0515/073604", "correlationVector":"10Yi33h50+eY5sHVuxLRk5","action":"SyncServerConnectionManagerRequest", "result":"SYNC_SERVER_OK", "context":{"environment":"", "migrationStage":"", "server":""}}
{"logTime": "0515/073604", "correlationVector":"10Yi33h50+eY5sHVuxLRk5.0","action":"EncryptionKeysFetcher.DownloadKeys:", "result":"Success", "context":Key count: 7, Last key timestamp: 2025-11-17T16:31:26Z}
{"logTime": "0515/073604", "correlationVector":"10Yi33h50+eY5sHVuxLRk5.1","action":"EncryptionKeysManager::SetEncryptionKeys:", "result":"Success", "context":Key names[7]:[uyitKoe8LQl8A8pS2D/znonv0eMLYpI/6Q20bKX0RqLhgqnlZtnoUAp4ZUsU75ZSsJhr6qxDAq+eUWpw+bX1SQ==][WjfYCxFq1xMeAlClfYRswndE7syu5Coa1wtg7c3VWNmLnm5Rsa3lDJRHTtLO711+URSlwe5H/jZn++K7GXwMWw==][QXtYYoZgvAPN78VDPZlr0AOV2lYZ1xDXAcPPee0XWLGJs4UBxkxydgh0xy2JwAhQztTUPMZmAi7vi+V7fETodQ==][X1/Gb0Uo6EFN6sO0o4apIOQ3HynOAkjOLRgOMG3he1RmIVViPIj9SX6Y9p80SIuhPhb3wotwKRAHiSajfoL83A==][HeojmCLoM4mOFd8xskNkTGTcE4LxsdbIRxaZAZ/BT11vThCBKMNbSEayb/HbvdoKxRx5APsDU5NOodAhq4cXYg==][gC4MKFG/vMAuMXtaigLvVcU4j3SOgVnKDH0wvZOLTPoG3nyTxuF6njOY7TyijVlfVfES5KqIHwQ/ibD/7Bbl8g==][oBEEd+/nSEkgCZ09sl/eQe4Ps8NkMjzfQYge7gDwBOBqpkkGjH24ZCXDKf0FK0S1TqOePdmisHq50FTYQBAY3Q==]}
{"logTime": "0515/073604", "correlationVector":"10Yi33h50+eY5sHVuxLRk5.2","action":"EncryptionKeysManager::SetEncryptionKeysWithTimestamps:", "result":"Success", "context":Key timestamps[7]:[2022-10-02T21:47:17Z][2023-04-03T17:09:54Z][2023-10-18T09:45:40Z][2024-04-19T19:08:07Z][2024-10-23T19:04:46Z][2025-05-10T10:04:28Z][2025-11-17T16:31:26Z]}
{"logTime": "0515/073604", "correlationVector":"2EaJ6zCkBtIgFehyz9didk","action":"Initial GetUpdates", "result":"", "context":Reason: NEW_CLIENT. cV=2EaJ6zCkBtIgFehyz9didk}
{"logTime": "0515/073604", "correlationVector":"2EaJ6zCkBtIgFehyz9didk.3","action":"GetUpdates Response", "result":"Success", "context":Received 1 update(s). cV=2EaJ6zCkBtIgFehyz9didk.0;server=akswtt00100000k;cloudType=Consumer;environment=Prod_germanywestcentral_prod-s01-010-eur-germanywestcentral;migrationStage=NotStarted}
{"logTime": "0515/073604", "correlationVector":"LZ+9+dyZ0rNfiyECtxMsvz","action":"Initial GetUpdates", "result":"", "context":Reason: NEWLY_SUPPORTED_DATATYPE. cV=LZ+9+dyZ0rNfiyECtxMsvz}
{"logTime": "0515/073604", "correlationVector":"LZ+9+dyZ0rNfiyECtxMsvz.1","action":"SyncServerConnectionManagerRequest", "result":"SYNC_SERVER_OK", "context":{"environment":"Prod_germanywestcentral_prod-s01-010-eur-germanywestcentral", "migrationStage":"NotStarted", "server":"akswtt00100000c"}}
{"logTime": "0515/073604", "correlationVector":"LZ+9+dyZ0rNfiyECtxMsvz.2","action":"ProcessGetUpdates", "result":"Done", "context":{"dataType":"Preferences", "deleted":"0", "process_failed_to_decrypt":"0", "process_pending_decryption":"0", "process_success":"62", "total":"62"}}
{"logTime": "0515/073604", "correlationVector":"LZ+9+dyZ0rNfiyECtxMsvz.3","action":"ProcessGetUpdates", "result":"Done", "context":{"dataType":"Device Info", "deleted":"0", "process_failed_to_decrypt":"0", "process_pending_decryption":"0", "process_success":"5", "total":"5"}}
{"logTime": "0515/073604", "correlationVector":"LZ+9+dyZ0rNfiyECtxMsvz.4","action":"GetUpdates Response", "result":"Success", "context":Received 67 update(s). cV=LZ+9+dyZ0rNfiyECtxMsvz.0;server=akswtt00100000c;cloudType=Consumer;environment=Prod_germanywestcentral_prod-s01-010-eur-germanywestcentral;migrationStage=NotStarted}
{"logTime": "0515/073604", "correlationVector":"Cj2to0h/dWbfa1xITXewdE","action":"Initial GetUpdates", "result":"", "context":Reason: NEWLY_SUPPORTED_DATATYPE. cV=Cj2to0h/dWbfa1xITXewdE}
{"logTime": "0515/073605", "correlationVector":"Cj2to0h/dWbfa1xITXewdE.1","action":"SyncServerConnectionManagerRequest", "result":"SYNC_SERVER_OK", "context":{"environment":"Prod_germanywestcentral_prod-s01-011-eur-germanywestcentral", "migrationStage":"NotStarted", "server":"akswtt10000000e"}}
{"logTime": "0515/073605", "correlationVector":"Cj2to0h/dWbfa1xITXewdE.2","action":"ProcessGetUpdates", "result":"Done", "context":{"dataType":"Bookmarks", "deleted":"0", "process_failed_to_decrypt":"0", "process_pending_decryption":"0", "process_success":"9", "total":"9"}}
{"logTime": "0515/073605", "correlationVector":"Cj2to0h/dWbfa1xITXewdE.3","action":"GetUpdates Response", "result":"Success", "context":Received 9 update(s). cV=Cj2to0h/dWbfa1xITXewdE.0;server=akswtt10000000e;cloudType=Consumer;environment=Prod_germanywestcentral_prod-s01-011-eur-germanywestcentral;migrationStage=NotStarted}
{"logTime": "0515/073605", "correlationVector":"X2eCpApTk3v+KLyq5Fqyyw","action":"Initial GetUpdates", "result":"", "context":Reason: NEWLY_SUPPORTED_DATATYPE. cV=X2eCpApTk3v+KLyq5Fqyyw}
{"logTime": "0515/073605", "correlationVector":"X2eCpApTk3v+KLyq5Fqyyw.1","action":"SyncServerConnectionManagerRequest", "result":"SYNC_SERVER_OK", "context":{"environment":"Prod_francecentral_prod-s01-062-eur-francecentral", "migrationStage":"NotStarted", "server":"akswtt11400000a"}}
{"logTime": "0515/073605", "correlationVector":"X2eCpApTk3v+KLyq5Fqyyw.2","action":"ProcessGetUpdates", "result":"Done", "context":{"dataType":"Autofill", "deleted":"0", "process_failed_to_decrypt":"0", "process_pending_decryption":"0", "process_success":"1", "total":"1"}}
{"logTime": "0515/073605", "correlationVector":"X2eCpApTk3v+KLyq5Fqyyw.3","action":"ProcessGetUpdates", "result":"Done", "context":{"dataType":"Sessions", "deleted":"10", "process_failed_to_decrypt":"0", "process_pending_decryption":"0", "process_success":"12", "total":"12"}}
{"logTime": "0515/073605", "correlationVector":"X2eCpApTk3v+KLyq5Fqyyw.4","action":"ProcessGetUpdates", "result":"Done", "context":{"dataType":"Edge Hub App Usage", "deleted":"0", "process_failed_to_decrypt":"0", "process_pending_decryption":"0", "process_success":"1", "total":"1"}}
{"logTime": "0515/073605", "correlationVector":"X2eCpApTk3v+KLyq5Fqyyw.5","action":"GetUpdates Response", "result":"Success", "context":Received 14 update(s). cV=X2eCpApTk3v+KLyq5Fqyyw.0;server=akswtt11400000a;cloudType=Consumer;environment=Prod_francecentral_prod-s01-062-eur-francecentral;migrationStage=NotStarted}
{"logTime": "0515/073605", "correlationVector":"M2wspZwiotsGhhn70Zs9Uy","action":"Initial GetUpdates", "result":"", "context":Reason: NEWLY_SUPPORTED_DATATYPE. cV=M2wspZwiotsGhhn70Zs9Uy}
{"logTime": "0515/073605", "correlationVector":"M2wspZwiotsGhhn70Zs9Uy.1","action":"SyncServerConnectionManagerRequest", "result":"SYNC_SERVER_OK", "context":{"environment":"Prod_germanywestcentral_prod-s01-011-eur-germanywestcentral", "migrationStage":"NotStarted", "server":"akswtt100000008"}}
{"logTime": "0515/073605", "correlationVector":"M2wspZwiotsGhhn70Zs9Uy.2","action":"ProcessGetUpdates", "result":"Done", "context":{"dataType":"History", "deleted":"0", "process_failed_to_decrypt":"0", "process_pending_decryption":"0", "process_success":"45", "total":"45"}}
{"logTime": "0515/073605", "correlationVector":"M2wspZwiotsGhhn70Zs9Uy.3","action":"GetUpdates Response", "result":"Success", "context":Received 45 update(s). cV=M2wspZwiotsGhhn70Zs9Uy.0;server=akswtt100000008;cloudType=Consumer;environment=Prod_germanywestcentral_prod-s01-011-eur-germanywestcentral;migrationStage=NotStarted}
{"logTime": "0515/073605", "correlationVector":"JAs45Nk1IQyxiSagK4EoHS","action":"Normal GetUpdate request", "result":"", "context":cV=JAs45Nk1IQyxiSagK4EoHS
Nudged types: Sessions, Device Info
Refresh requested types: Bookmarks, Preferences, Passwords, Autofill Profiles, Autofill, Extensions, Sessions, Extension settings, History Delete Directives, Device Info, User Consents, Send Tab To Self, Web Apps, History, Saved Tab Group, WebAuthn Credentials, Collection, Edge E Drop, Edge Hub App Usage, Edge Wallet, Edge Workspace, Encryption Keys}
{"logTime": "0515/073605", "correlationVector":"JAs45Nk1IQyxiSagK4EoHS.1","action":"SyncServerConnectionManagerRequest", "result":"SYNC_SERVER_OK", "context":{"environment":"Prod_germanywestcentral_prod-s01-010-eur-germanywestcentral", "migrationStage":"NotStarted", "server":"akswtt00100000k"}}
{"logTime": "0515/073605", "correlationVector":"JAs45Nk1IQyxiSagK4EoHS.2","action":"GetUpdates Response", "result":"Success", "context":Received 0 update(s). cV=JAs45Nk1IQyxiSagK4EoHS.0;server=akswtt00100000k;cloudType=Consumer;environment=Prod_germanywestcentral_prod-s01-010-eur-germanywestcentral;migrationStage=NotStarted}
{"logTime": "0515/073605", "correlationVector":"ZZQQwwleZJn236G+Tqnzlw","action":"Commit Request", "result":"", "context":Item count: 3
Contributing types: Sessions, Device Info}
{"logTime": "0515/073606", "correlationVector":"ZZQQwwleZJn236G+Tqnzlw.1","action":"SyncServerConnectionManagerRequest", "result":"SYNC_SERVER_OK", "context":{"environment":"Prod_germanywestcentral_prod-s01-010-eur-germanywestcentral", "migrationStage":"NotStarted", "server":"akswtt00100000f"}}
{"logTime": "0515/073606", "correlationVector":"ZZQQwwleZJn236G+Tqnzlw.2","action":"Commit Response", "result":"Success", "context":Result: Success. cV=ZZQQwwleZJn236G+Tqnzlw.0;server=akswtt00100000f;cloudType=Consumer;environment=Prod_germanywestcentral_prod-s01-010-eur-germanywestcentral;migrationStage=NotStarted}
{"logTime": "0515/073707", "correlationVector":"xaa8Ao1aVF21QoGDuH7+o4","action":"Commit Request", "result":"", "context":Item count: 2
Contributing types: Sessions, History}
{"logTime": "0515/073707", "correlationVector":"xaa8Ao1aVF21QoGDuH7+o4.1","action":"SyncServerConnectionManagerRequest", "result":"SYNC_SERVER_OK", "context":{"environment":"Prod_westeurope_prod-s01-080-eur-westeurope", "migrationStage":"NotStarted", "server":"akswtt00100000p"}}
{"logTime": "0515/073707", "correlationVector":"xaa8Ao1aVF21QoGDuH7+o4.2","action":"Commit Response", "result":"Success", "context":Result: Success. cV=xaa8Ao1aVF21QoGDuH7+o4.0;server=akswtt00100000p;cloudType=Consumer;environment=Prod_westeurope_prod-s01-080-eur-westeurope;migrationStage=NotStarted}
{"logTime": "0515/073854", "correlationVector":"l+oESx5pg/FTIO9yxZlQOC","action":"Commit Request", "result":"", "context":Item count: 3
Contributing types: Sessions, History}
{"logTime": "0515/073854", "correlationVector":"l+oESx5pg/FTIO9yxZlQOC.1","action":"SyncServerConnectionManagerRequest", "result":"SYNC_SERVER_OK", "context":{"environment":"Prod_germanywestcentral_prod-s01-010-eur-germanywestcentral", "migrationStage":"NotStarted", "server":"akswtt001000003"}}
{"logTime": "0515/073854", "correlationVector":"l+oESx5pg/FTIO9yxZlQOC.2","action":"Commit Response", "result":"Success", "context":Result: Success. cV=l+oESx5pg/FTIO9yxZlQOC.0;server=akswtt001000003;cloudType=Consumer;environment=Prod_germanywestcentral_prod-s01-010-eur-germanywestcentral;migrationStage=NotStarted}
{"logTime": "0515/080742", "correlationVector":"m1+bJdRTuOtGppv8wkjpz2","action":"Commit Request", "result":"", "context":Item count: 1
Contributing types: Sessions}
{"logTime": "0515/080742", "correlationVector":"m1+bJdRTuOtGppv8wkjpz2.1","action":"SyncServerConnectionManagerRequest", "result":"SYNC_SERVER_OK", "context":{"environment":"Prod_germanywestcentral_prod-s01-010-eur-germanywestcentral", "migrationStage":"NotStarted", "server":"akswtt001000005"}}
{"logTime": "0515/080742", "correlationVector":"m1+bJdRTuOtGppv8wkjpz2.2","action":"Commit Response", "result":"Success", "context":Result: Success. cV=m1+bJdRTuOtGppv8wkjpz2.0;server=akswtt001000005;cloudType=Consumer;environment=Prod_germanywestcentral_prod-s01-010-eur-germanywestcentral;migrationStage=NotStarted}
{"logTime": "0515/083210", "correlationVector":"o9Du70ljBA+5AOz/Wfrt4o","action":"Commit Request", "result":"", "context":Item count: 1
Contributing types: Sessions}
{"logTime": "0515/083211", "correlationVector":"o9Du70ljBA+5AOz/Wfrt4o.1","action":"SyncServerConnectionManagerRequest", "result":"SYNC_SERVER_OK", "context":{"environment":"Prod_germanywestcentral_prod-s01-010-eur-germanywestcentral", "migrationStage":"NotStarted", "server":"akswtt001000006"}}
{"logTime": "0515/083211", "correlationVector":"o9Du70ljBA+5AOz/Wfrt4o.2","action":"Commit Response", "result":"Success", "context":Result: Success. cV=o9Du70ljBA+5AOz/Wfrt4o.0;server=akswtt001000006;cloudType=Consumer;environment=Prod_germanywestcentral_prod-s01-010-eur-germanywestcentral;migrationStage=NotStarted}
{"logTime": "0515/104447", "correlationVector":"RSR8FOLP+3DC/1HfXuebL0.1","action":"SyncServerConnectionManagerRequest", "result":"SYNC_SERVER_OK", "context":{"environment":"Prod_germanywestcentral_prod-s01-011-eur-germanywestcentral", "migrationStage":"NotStarted", "server":"akswtt10000002j"}}
{"logTime": "0515/104447", "correlationVector":"RSR8FOLP+3DC/1HfXuebL0.2","action":"ProcessGetUpdates", "result":"Done", "context":{"dataType":"Encryption Keys", "deleted":"0", "process_failed_to_decrypt":"0", "process_pending_decryption":"0", "process_success":"1", "total":"1"}}
{"logTime": "0515/104447", "correlationVector":"2cdwCzDkrqEqy1Y8yOjdzj","action":"SyncServerConnectionManagerRequest", "result":"SYNC_SERVER_OK", "context":{"environment":"", "migrationStage":"", "server":""}}
{"logTime": "0515/104447", "correlationVector":"2cdwCzDkrqEqy1Y8yOjdzj.0","action":"EncryptionKeysFetcher.DownloadKeys:", "result":"Success", "context":Key count: 7, Last key timestamp: 2025-11-17T16:31:26Z}
{"logTime": "0515/104447", "correlationVector":"2cdwCzDkrqEqy1Y8yOjdzj.1","action":"EncryptionKeysManager::SetEncryptionKeys:", "result":"Success", "context":Key names[7]:[uyitKoe8LQl8A8pS2D/znonv0eMLYpI/6Q20bKX0RqLhgqnlZtnoUAp4ZUsU75ZSsJhr6qxDAq+eUWpw+bX1SQ==][WjfYCxFq1xMeAlClfYRswndE7syu5Coa1wtg7c3VWNmLnm5Rsa3lDJRHTtLO711+URSlwe5H/jZn++K7GXwMWw==][QXtYYoZgvAPN78VDPZlr0AOV2lYZ1xDXAcPPee0XWLGJs4UBxkxydgh0xy2JwAhQztTUPMZmAi7vi+V7fETodQ==][X1/Gb0Uo6EFN6sO0o4apIOQ3HynOAkjOLRgOMG3he1RmIVViPIj9SX6Y9p80SIuhPhb3wotwKRAHiSajfoL83A==][HeojmCLoM4mOFd8xskNkTGTcE4LxsdbIRxaZAZ/BT11vThCBKMNbSEayb/HbvdoKxRx5APsDU5NOodAhq4cXYg==][gC4MKFG/vMAuMXtaigLvVcU4j3SOgVnKDH0wvZOLTPoG3nyTxuF6njOY7TyijVlfVfES5KqIHwQ/ibD/7Bbl8g==][oBEEd+/nSEkgCZ09sl/eQe4Ps8NkMjzfQYge7gDwBOBqpkkGjH24ZCXDKf0FK0S1TqOePdmisHq50FTYQBAY3Q==]}
{"logTime": "0515/104447", "correlationVector":"2cdwCzDkrqEqy1Y8yOjdzj.2","action":"EncryptionKeysManager::SetEncryptionKeysWithTimestamps:", "result":"Success", "context":Key timestamps[7]:[2022-10-02T21:47:17Z][2023-04-03T17:09:54Z][2023-10-18T09:45:40Z][2024-04-19T19:08:07Z][2024-10-23T19:04:46Z][2025-05-10T10:04:28Z][2025-11-17T16:31:26Z]}
{"logTime": "0515/104447", "correlationVector":"RSR8FOLP+3DC/1HfXuebL0","action":"Initial GetUpdates", "result":"", "context":Reason: NEW_CLIENT. cV=RSR8FOLP+3DC/1HfXuebL0}
{"logTime": "0515/104447", "correlationVector":"RSR8FOLP+3DC/1HfXuebL0.3","action":"GetUpdates Response", "result":"Success", "context":Received 1 update(s). cV=RSR8FOLP+3DC/1HfXuebL0.0;server=akswtt10000002j;cloudType=Consumer;environment=Prod_germanywestcentral_prod-s01-011-eur-germanywestcentral;migrationStage=NotStarted}
{"logTime": "0515/104447", "correlationVector":"5H0KSRfzVpym6N2FXeaJLw","action":"Normal GetUpdate request", "result":"", "context":cV=5H0KSRfzVpym6N2FXeaJLw
Nudged types: Sessions, Device Info, History
Refresh requested types: Bookmarks, Preferences, Passwords, Autofill Profiles, Autofill, Extensions, Sessions, Extension settings, History Delete Directives, Device Info, User Consents, Send Tab To Self, Web Apps, History, Saved Tab Group, WebAuthn Credentials, Collection, Edge E Drop, Edge Hub App Usage, Edge Wallet, Edge Workspace, Encryption Keys}
{"logTime": "0515/104447", "correlationVector":"5H0KSRfzVpym6N2FXeaJLw.1","action":"SyncServerConnectionManagerRequest", "result":"SYNC_SERVER_OK", "context":{"environment":"Prod_germanywestcentral_prod-s01-011-eur-germanywestcentral", "migrationStage":"NotStarted", "server":"akswtt100000058"}}
{"logTime": "0515/104447", "correlationVector":"5H0KSRfzVpym6N2FXeaJLw.2","action":"ProcessGetUpdates", "result":"Done", "context":{"dataType":"Sessions", "deleted":"1", "process_failed_to_decrypt":"0", "process_pending_decryption":"0", "process_success":"3", "total":"3"}}
{"logTime": "0515/104447", "correlationVector":"5H0KSRfzVpym6N2FXeaJLw.3","action":"ProcessGetUpdates", "result":"Done", "context":{"dataType":"Device Info", "deleted":"0", "process_failed_to_decrypt":"0", "process_pending_decryption":"0", "process_success":"1", "total":"1"}}
{"logTime": "0515/104447", "correlationVector":"5H0KSRfzVpym6N2FXeaJLw.4","action":"ProcessGetUpdates", "result":"Done", "context":{"dataType":"History", "deleted":"0", "process_failed_to_decrypt":"0", "process_pending_decryption":"0", "process_success":"7", "total":"7"}}
{"logTime": "0515/104447", "correlationVector":"5H0KSRfzVpym6N2FXeaJLw.5","action":"GetUpdates Response", "result":"Success", "context":Received 11 update(s). cV=5H0KSRfzVpym6N2FXeaJLw.0;server=akswtt100000058;cloudType=Consumer;environment=Prod_germanywestcentral_prod-s01-011-eur-germanywestcentral;migrationStage=NotStarted}
{"logTime": "0515/104449", "correlationVector":"bM+IvXChC49vZ9I0/1Ax86","action":"Commit Request", "result":"", "context":Item count: 1
Contributing types: Device Info}
{"logTime": "0515/104449", "correlationVector":"bM+IvXChC49vZ9I0/1Ax86.1","action":"SyncServerConnectionManagerRequest", "result":"SYNC_SERVER_OK", "context":{"environment":"Prod_germanywestcentral_prod-s01-011-eur-germanywestcentral", "migrationStage":"NotStarted", "server":"akswtt10000001x"}}
{"logTime": "0515/104449", "correlationVector":"bM+IvXChC49vZ9I0/1Ax86.2","action":"Commit Response", "result":"Success", "context":Result: Success. cV=bM+IvXChC49vZ9I0/1Ax86.0;server=akswtt10000001x;cloudType=Consumer;environment=Prod_germanywestcentral_prod-s01-011-eur-germanywestcentral;migrationStage=NotStarted}
{"logTime": "0515/104550", "correlationVector":"ckoUWgHZeKwrbSoxIckCoJ","action":"Commit Request", "result":"", "context":Item count: 3
Contributing types: Sessions, History}
{"logTime": "0515/104550", "correlationVector":"ckoUWgHZeKwrbSoxIckCoJ.1","action":"SyncServerConnectionManagerRequest", "result":"SYNC_SERVER_OK", "context":{"environment":"Prod_germanywestcentral_prod-s01-011-eur-germanywestcentral", "migrationStage":"NotStarted", "server":"akswtt10000002j"}}
{"logTime": "0515/104550", "correlationVector":"ckoUWgHZeKwrbSoxIckCoJ.2","action":"Commit Response", "result":"Success", "context":Result: Success. cV=ckoUWgHZeKwrbSoxIckCoJ.0;server=akswtt10000002j;cloudType=Consumer;environment=Prod_germanywestcentral_prod-s01-011-eur-germanywestcentral;migrationStage=NotStarted}
{"logTime": "0515/104708", "correlationVector":"AU9SGBq3popCRfQ0VgED4N.1","action":"SyncServerConnectionManagerRequest", "result":"SYNC_SERVER_OK", "context":{"environment":"Prod_germanywestcentral_prod-s01-011-eur-germanywestcentral", "migrationStage":"NotStarted", "server":"akswtt10000002j"}}
{"logTime": "0515/104708", "correlationVector":"AU9SGBq3popCRfQ0VgED4N.2","action":"ProcessGetUpdates", "result":"Done", "context":{"dataType":"Encryption Keys", "deleted":"0", "process_failed_to_decrypt":"0", "process_pending_decryption":"0", "process_success":"1", "total":"1"}}
{"logTime": "0515/104708", "correlationVector":"GBOuGXrDNR3KpdzYiMAB5j","action":"SyncServerConnectionManagerRequest", "result":"SYNC_SERVER_OK", "context":{"environment":"", "migrationStage":"", "server":""}}
{"logTime": "0515/104708", "correlationVector":"GBOuGXrDNR3KpdzYiMAB5j.0","action":"EncryptionKeysFetcher.DownloadKeys:", "result":"Success", "context":Key count: 7, Last key timestamp: 2025-11-17T16:31:26Z}
{"logTime": "0515/104708", "correlationVector":"GBOuGXrDNR3KpdzYiMAB5j.1","action":"EncryptionKeysManager::SetEncryptionKeys:", "result":"Success", "context":Key names[7]:[uyitKoe8LQl8A8pS2D/znonv0eMLYpI/6Q20bKX0RqLhgqnlZtnoUAp4ZUsU75ZSsJhr6qxDAq+eUWpw+bX1SQ==][WjfYCxFq1xMeAlClfYRswndE7syu5Coa1wtg7c3VWNmLnm5Rsa3lDJRHTtLO711+URSlwe5H/jZn++K7GXwMWw==][QXtYYoZgvAPN78VDPZlr0AOV2lYZ1xDXAcPPee0XWLGJs4UBxkxydgh0xy2JwAhQztTUPMZmAi7vi+V7fETodQ==][X1/Gb0Uo6EFN6sO0o4apIOQ3HynOAkjOLRgOMG3he1RmIVViPIj9SX6Y9p80SIuhPhb3wotwKRAHiSajfoL83A==][HeojmCLoM4mOFd8xskNkTGTcE4LxsdbIRxaZAZ/BT11vThCBKMNbSEayb/HbvdoKxRx5APsDU5NOodAhq4cXYg==][gC4MKFG/vMAuMXtaigLvVcU4j3SOgVnKDH0wvZOLTPoG3nyTxuF6njOY7TyijVlfVfES5KqIHwQ/ibD/7Bbl8g==][oBEEd+/nSEkgCZ09sl/eQe4Ps8NkMjzfQYge7gDwBOBqpkkGjH24ZCXDKf0FK0S1TqOePdmisHq50FTYQBAY3Q==]}
{"logTime": "0515/104708", "correlationVector":"GBOuGXrDNR3KpdzYiMAB5j.2","action":"EncryptionKeysManager::SetEncryptionKeysWithTimestamps:", "result":"Success", "context":Key timestamps[7]:[2022-10-02T21:47:17Z][2023-04-03T17:09:54Z][2023-10-18T09:45:40Z][2024-04-19T19:08:07Z][2024-10-23T19:04:46Z][2025-05-10T10:04:28Z][2025-11-17T16:31:26Z]}
{"logTime": "0515/104708", "correlationVector":"AU9SGBq3popCRfQ0VgED4N","action":"Initial GetUpdates", "result":"", "context":Reason: NEW_CLIENT. cV=AU9SGBq3popCRfQ0VgED4N}
{"logTime": "0515/104708", "correlationVector":"AU9SGBq3popCRfQ0VgED4N.3","action":"GetUpdates Response", "result":"Success", "context":Received 1 update(s). cV=AU9SGBq3popCRfQ0VgED4N.0;server=akswtt10000002j;cloudType=Consumer;environment=Prod_germanywestcentral_prod-s01-011-eur-germanywestcentral;migrationStage=NotStarted}
{"logTime": "0515/104708", "correlationVector":"Wv+tyKUXoTxysbVIx+mAae","action":"Initial GetUpdates", "result":"", "context":Reason: NEWLY_SUPPORTED_DATATYPE. cV=Wv+tyKUXoTxysbVIx+mAae}
{"logTime": "0515/104709", "correlationVector":"Wv+tyKUXoTxysbVIx+mAae.1","action":"SyncServerConnectionManagerRequest", "result":"SYNC_SERVER_OK", "context":{"environment":"Prod_germanywestcentral_prod-s01-011-eur-germanywestcentral", "migrationStage":"NotStarted", "server":"akswtt10000006b"}}
{"logTime": "0515/104709", "correlationVector":"Wv+tyKUXoTxysbVIx+mAae.2","action":"ProcessGetUpdates", "result":"Done", "context":{"dataType":"Preferences", "deleted":"0", "process_failed_to_decrypt":"0", "process_pending_decryption":"0", "process_success":"62", "total":"62"}}
{"logTime": "0515/104709", "correlationVector":"Wv+tyKUXoTxysbVIx+mAae.3","action":"ProcessGetUpdates", "result":"Done", "context":{"dataType":"Device Info", "deleted":"0", "process_failed_to_decrypt":"0", "process_pending_decryption":"0", "process_success":"5", "total":"5"}}
{"logTime": "0515/104709", "correlationVector":"Wv+tyKUXoTxysbVIx+mAae.4","action":"GetUpdates Response", "result":"Success", "context":Received 67 update(s). cV=Wv+tyKUXoTxysbVIx+mAae.0;server=akswtt10000006b;cloudType=Consumer;environment=Prod_germanywestcentral_prod-s01-011-eur-germanywestcentral;migrationStage=NotStarted}
{"logTime": "0515/104709", "correlationVector":"o33tKsd8b3rvW86goOZROQ","action":"Initial GetUpdates", "result":"", "context":Reason: NEWLY_SUPPORTED_DATATYPE. cV=o33tKsd8b3rvW86goOZROQ}
{"logTime": "0515/104709", "correlationVector":"o33tKsd8b3rvW86goOZROQ.1","action":"SyncServerConnectionManagerRequest", "result":"SYNC_SERVER_OK", "context":{"environment":"Prod_germanywestcentral_prod-s01-011-eur-germanywestcentral", "migrationStage":"NotStarted", "server":"akswtt100000054"}}
{"logTime": "0515/104709", "correlationVector":"o33tKsd8b3rvW86goOZROQ.2","action":"ProcessGetUpdates", "result":"Done", "context":{"dataType":"Bookmarks", "deleted":"0", "process_failed_to_decrypt":"0", "process_pending_decryption":"0", "process_success":"9", "total":"9"}}
{"logTime": "0515/104709", "correlationVector":"o33tKsd8b3rvW86goOZROQ.3","action":"GetUpdates Response", "result":"Success", "context":Received 9 update(s). cV=o33tKsd8b3rvW86goOZROQ.0;server=akswtt100000054;cloudType=Consumer;environment=Prod_germanywestcentral_prod-s01-011-eur-germanywestcentral;migrationStage=NotStarted}
{"logTime": "0515/104709", "correlationVector":"Ae6Z70SQsLgX9fSzWJzL/k","action":"Initial GetUpdates", "result":"", "context":Reason: NEWLY_SUPPORTED_DATATYPE. cV=Ae6Z70SQsLgX9fSzWJzL/k}
{"logTime": "0515/104709", "correlationVector":"Ae6Z70SQsLgX9fSzWJzL/k.1","action":"SyncServerConnectionManagerRequest", "result":"SYNC_SERVER_OK", "context":{"environment":"Prod_germanywestcentral_prod-s01-010-eur-germanywestcentral", "migrationStage":"NotStarted", "server":"akswtt00100000h"}}
{"logTime": "0515/104709", "correlationVector":"Ae6Z70SQsLgX9fSzWJzL/k.2","action":"ProcessGetUpdates", "result":"Done", "context":{"dataType":"Autofill", "deleted":"0", "process_failed_to_decrypt":"0", "process_pending_decryption":"0", "process_success":"1", "total":"1"}}
{"logTime": "0515/104709", "correlationVector":"Ae6Z70SQsLgX9fSzWJzL/k.3","action":"ProcessGetUpdates", "result":"Done", "context":{"dataType":"Sessions", "deleted":"11", "process_failed_to_decrypt":"0", "process_pending_decryption":"0", "process_success":"13", "total":"13"}}
{"logTime": "0515/104709", "correlationVector":"Ae6Z70SQsLgX9fSzWJzL/k.4","action":"ProcessGetUpdates", "result":"Done", "context":{"dataType":"Edge Hub App Usage", "deleted":"0", "process_failed_to_decrypt":"0", "process_pending_decryption":"0", "process_success":"1", "total":"1"}}
{"logTime": "0515/104709", "correlationVector":"Ae6Z70SQsLgX9fSzWJzL/k.5","action":"GetUpdates Response", "result":"Success", "context":Received 15 update(s). cV=Ae6Z70SQsLgX9fSzWJzL/k.0;server=akswtt00100000h;cloudType=Consumer;environment=Prod_germanywestcentral_prod-s01-010-eur-germanywestcentral;migrationStage=NotStarted}
{"logTime": "0515/104709", "correlationVector":"0wPXwb/zHR/Mfhhi+3JOtk","action":"Initial GetUpdates", "result":"", "context":Reason: NEWLY_SUPPORTED_DATATYPE. cV=0wPXwb/zHR/Mfhhi+3JOtk}
{"logTime": "0515/104709", "correlationVector":"0wPXwb/zHR/Mfhhi+3JOtk.1","action":"SyncServerConnectionManagerRequest", "result":"SYNC_SERVER_OK", "context":{"environment":"Prod_germanywestcentral_prod-s01-010-eur-germanywestcentral", "migrationStage":"NotStarted", "server":"akswtt00100000f"}}
{"logTime": "0515/104709", "correlationVector":"0wPXwb/zHR/Mfhhi+3JOtk.2","action":"ProcessGetUpdates", "result":"Done", "context":{"dataType":"History", "deleted":"0", "process_failed_to_decrypt":"0", "process_pending_decryption":"0", "process_success":"53", "total":"53"}}
{"logTime": "0515/104709", "correlationVector":"0wPXwb/zHR/Mfhhi+3JOtk.3","action":"GetUpdates Response", "result":"Success", "context":Received 53 update(s). cV=0wPXwb/zHR/Mfhhi+3JOtk.0;server=akswtt00100000f;cloudType=Consumer;environment=Prod_germanywestcentral_prod-s01-010-eur-germanywestcentral;migrationStage=NotStarted}
{"logTime": "0515/104709", "correlationVector":"F9fdPhZqbZnpK3B3UKMlZq","action":"Normal GetUpdate request", "result":"", "context":cV=F9fdPhZqbZnpK3B3UKMlZq
Nudged types: Sessions, Device Info
Refresh requested types: Bookmarks, Preferences, Passwords, Autofill Profiles, Autofill, Extensions, Sessions, Extension settings, History Delete Directives, Device Info, User Consents, Send Tab To Self, Web Apps, History, Saved Tab Group, WebAuthn Credentials, Collection, Edge E Drop, Edge Hub App Usage, Edge Wallet, Edge Workspace, Encryption Keys}
{"logTime": "0515/104709", "correlationVector":"F9fdPhZqbZnpK3B3UKMlZq.1","action":"SyncServerConnectionManagerRequest", "result":"SYNC_SERVER_OK", "context":{"environment":"Prod_germanywestcentral_prod-s01-010-eur-germanywestcentral", "migrationStage":"NotStarted", "server":"akswtt00100000g"}}
{"logTime": "0515/104709", "correlationVector":"F9fdPhZqbZnpK3B3UKMlZq.2","action":"GetUpdates Response", "result":"Success", "context":Received 0 update(s). cV=F9fdPhZqbZnpK3B3UKMlZq.0;server=akswtt00100000g;cloudType=Consumer;environment=Prod_germanywestcentral_prod-s01-010-eur-germanywestcentral;migrationStage=NotStarted}
{"logTime": "0515/104709", "correlationVector":"UsFRNi+MmkwJnP9wSgkXHP","action":"Commit Request", "result":"", "context":Item count: 3
Contributing types: Sessions, Device Info}
{"logTime": "0515/104709", "correlationVector":"UsFRNi+MmkwJnP9wSgkXHP.1","action":"SyncServerConnectionManagerRequest", "result":"SYNC_SERVER_OK", "context":{"environment":"Prod_germanywestcentral_prod-s01-010-eur-germanywestcentral", "migrationStage":"NotStarted", "server":"akswtt00100000c"}}
{"logTime": "0515/104709", "correlationVector":"UsFRNi+MmkwJnP9wSgkXHP.2","action":"Commit Response", "result":"Success", "context":Result: Success. cV=UsFRNi+MmkwJnP9wSgkXHP.0;server=akswtt00100000c;cloudType=Consumer;environment=Prod_germanywestcentral_prod-s01-010-eur-germanywestcentral;migrationStage=NotStarted}
{"logTime": "0515/104710", "correlationVector":"VwNYWbO4vbyJ+0yGaaWgnV","action":"Commit Request", "result":"", "context":Item count: 1
Contributing types: Device Info}
{"logTime": "0515/104711", "correlationVector":"VwNYWbO4vbyJ+0yGaaWgnV.1","action":"SyncServerConnectionManagerRequest", "result":"SYNC_SERVER_OK", "context":{"environment":"Prod_germanywestcentral_prod-s01-011-eur-germanywestcentral", "migrationStage":"NotStarted", "server":"akswtt100000068"}}
{"logTime": "0515/104711", "correlationVector":"VwNYWbO4vbyJ+0yGaaWgnV.2","action":"Commit Response", "result":"Success", "context":Result: Success. cV=VwNYWbO4vbyJ+0yGaaWgnV.0;server=akswtt100000068;cloudType=Consumer;environment=Prod_germanywestcentral_prod-s01-011-eur-germanywestcentral;migrationStage=NotStarted}
{"logTime": "0515/104813", "correlationVector":"UegeQTqZhJjq4sQbvLcKPo","action":"Commit Request", "result":"", "context":Item count: 2
Contributing types: Sessions, History}
{"logTime": "0515/104813", "correlationVector":"UegeQTqZhJjq4sQbvLcKPo.1","action":"SyncServerConnectionManagerRequest", "result":"SYNC_SERVER_OK", "context":{"environment":"Prod_germanywestcentral_prod-s01-011-eur-germanywestcentral", "migrationStage":"NotStarted", "server":"akswtt100000056"}}
{"logTime": "0515/104813", "correlationVector":"UegeQTqZhJjq4sQbvLcKPo.2","action":"Commit Response", "result":"Success", "context":Result: Success. cV=UegeQTqZhJjq4sQbvLcKPo.0;server=akswtt100000056;cloudType=Consumer;environment=Prod_germanywestcentral_prod-s01-011-eur-germanywestcentral;migrationStage=NotStarted}
{"logTime": "0516/210657", "correlationVector":"EsBg0XCPduEExzfMy6nSCX.1","action":"SyncServerConnectionManagerRequest", "result":"SYNC_SERVER_OK", "context":{"environment":"Prod_germanywestcentral_prod-s01-011-eur-germanywestcentral", "migrationStage":"NotStarted", "server":"akswtt10000000y"}}
{"logTime": "0516/210657", "correlationVector":"EsBg0XCPduEExzfMy6nSCX.2","action":"ProcessGetUpdates", "result":"Done", "context":{"dataType":"Encryption Keys", "deleted":"0", "process_failed_to_decrypt":"0", "process_pending_decryption":"0", "process_success":"1", "total":"1"}}
{"logTime": "0516/210658", "correlationVector":"s6KmLEji7RkpZyZybdY3cW","action":"SyncServerConnectionManagerRequest", "result":"SYNC_SERVER_OK", "context":{"environment":"", "migrationStage":"", "server":""}}
{"logTime": "0516/210658", "correlationVector":"s6KmLEji7RkpZyZybdY3cW.0","action":"EncryptionKeysFetcher.DownloadKeys:", "result":"Success", "context":Key count: 8, Last key timestamp: 2026-05-16T21:06:53Z}
{"logTime": "0516/210658", "correlationVector":"s6KmLEji7RkpZyZybdY3cW.1","action":"EncryptionKeysManager::SetEncryptionKeys:", "result":"Success", "context":Key names[8]:[uyitKoe8LQl8A8pS2D/znonv0eMLYpI/6Q20bKX0RqLhgqnlZtnoUAp4ZUsU75ZSsJhr6qxDAq+eUWpw+bX1SQ==][WjfYCxFq1xMeAlClfYRswndE7syu5Coa1wtg7c3VWNmLnm5Rsa3lDJRHTtLO711+URSlwe5H/jZn++K7GXwMWw==][QXtYYoZgvAPN78VDPZlr0AOV2lYZ1xDXAcPPee0XWLGJs4UBxkxydgh0xy2JwAhQztTUPMZmAi7vi+V7fETodQ==][X1/Gb0Uo6EFN6sO0o4apIOQ3HynOAkjOLRgOMG3he1RmIVViPIj9SX6Y9p80SIuhPhb3wotwKRAHiSajfoL83A==][HeojmCLoM4mOFd8xskNkTGTcE4LxsdbIRxaZAZ/BT11vThCBKMNbSEayb/HbvdoKxRx5APsDU5NOodAhq4cXYg==][gC4MKFG/vMAuMXtaigLvVcU4j3SOgVnKDH0wvZOLTPoG3nyTxuF6njOY7TyijVlfVfES5KqIHwQ/ibD/7Bbl8g==][oBEEd+/nSEkgCZ09sl/eQe4Ps8NkMjzfQYge7gDwBOBqpkkGjH24ZCXDKf0FK0S1TqOePdmisHq50FTYQBAY3Q==][9ZbjbeOPiIz8iJg5mVqQWxkxSgHpHKWgNZNkZF4Cu1gxzR2UZIzi++kplHPur4VPnYpI2q9R+pJJw7kWI+cRrg==]}
{"logTime": "0516/210658", "correlationVector":"s6KmLEji7RkpZyZybdY3cW.2","action":"EncryptionKeysManager::SetEncryptionKeysWithTimestamps:", "result":"Success", "context":Key timestamps[8]:[2022-10-02T21:47:17Z][2023-04-03T17:09:54Z][2023-10-18T09:45:40Z][2024-04-19T19:08:07Z][2024-10-23T19:04:46Z][2025-05-10T10:04:28Z][2025-11-17T16:31:26Z][2026-05-16T21:06:53Z]}
{"logTime": "0516/210658", "correlationVector":"EsBg0XCPduEExzfMy6nSCX","action":"Initial GetUpdates", "result":"", "context":Reason: NEW_CLIENT. cV=EsBg0XCPduEExzfMy6nSCX}
{"logTime": "0516/210658", "correlationVector":"EsBg0XCPduEExzfMy6nSCX.3","action":"GetUpdates Response", "result":"Success", "context":Received 1 update(s). cV=EsBg0XCPduEExzfMy6nSCX.0;server=akswtt10000000y;cloudType=Consumer;environment=Prod_germanywestcentral_prod-s01-011-eur-germanywestcentral;migrationStage=NotStarted}
{"logTime": "0516/210658", "correlationVector":"3H+Q3b1NgMLvUSFZGblthY","action":"Normal GetUpdate request", "result":"", "context":cV=3H+Q3b1NgMLvUSFZGblthY
Nudged types: Sessions, Device Info, History, Encryption Keys
Refresh requested types: Bookmarks, Preferences, Passwords, Autofill Profiles, Autofill, Extensions, Sessions, Extension settings, History Delete Directives, Device Info, User Consents, Send Tab To Self, Web Apps, History, Saved Tab Group, WebAuthn Credentials, Collection, Edge E Drop, Edge Hub App Usage, Edge Wallet, Edge Workspace, Encryption Keys}
{"logTime": "0516/210658", "correlationVector":"3H+Q3b1NgMLvUSFZGblthY.1","action":"SyncServerConnectionManagerRequest", "result":"SYNC_SERVER_OK", "context":{"environment":"Prod_germanywestcentral_prod-s01-011-eur-germanywestcentral", "migrationStage":"NotStarted", "server":"akswtt10000000t"}}
{"logTime": "0516/210658", "correlationVector":"3H+Q3b1NgMLvUSFZGblthY.2","action":"ProcessGetUpdates", "result":"Done", "context":{"dataType":"Sessions", "deleted":"0", "process_failed_to_decrypt":"0", "process_pending_decryption":"0", "process_success":"2", "total":"2"}}
{"logTime": "0516/210658", "correlationVector":"3H+Q3b1NgMLvUSFZGblthY.3","action":"ProcessGetUpdates", "result":"Done", "context":{"dataType":"Device Info", "deleted":"0", "process_failed_to_decrypt":"0", "process_pending_decryption":"0", "process_success":"1", "total":"1"}}
{"logTime": "0516/210658", "correlationVector":"3H+Q3b1NgMLvUSFZGblthY.4","action":"ProcessGetUpdates", "result":"Done", "context":{"dataType":"History", "deleted":"0", "process_failed_to_decrypt":"0", "process_pending_decryption":"0", "process_success":"1", "total":"1"}}
{"logTime": "0516/210658", "correlationVector":"3H+Q3b1NgMLvUSFZGblthY.5","action":"GetUpdates Response", "result":"Success", "context":Received 4 update(s). cV=3H+Q3b1NgMLvUSFZGblthY.0;server=akswtt10000000t;cloudType=Consumer;environment=Prod_germanywestcentral_prod-s01-011-eur-germanywestcentral;migrationStage=NotStarted}
{"logTime": "0516/210658", "correlationVector":"iC58XteyQWuwZ34u2D1yNV","action":"Commit Request", "result":"", "context":Item count: 1
Contributing types: Encryption Keys}
{"logTime": "0516/210658", "correlationVector":"iC58XteyQWuwZ34u2D1yNV.1","action":"SyncServerConnectionManagerRequest", "result":"SYNC_SERVER_OK", "context":{"environment":"Prod_germanywestcentral_prod-s01-011-eur-germanywestcentral", "migrationStage":"NotStarted", "server":"akswtt10000000j"}}
{"logTime": "0516/210658", "correlationVector":"iC58XteyQWuwZ34u2D1yNV.2","action":"Commit Response", "result":"Success", "context":Result: Success. cV=iC58XteyQWuwZ34u2D1yNV.0;server=akswtt10000000j;cloudType=Consumer;environment=Prod_germanywestcentral_prod-s01-011-eur-germanywestcentral;migrationStage=NotStarted}
{"logTime": "0516/210658", "correlationVector":"PIIH/TMTKcYX8HjRdqF2NG","action":"Commit Request", "result":"", "context":Item count: 5
Contributing types: Sessions, Device Info, History}
{"logTime": "0516/210659", "correlationVector":"PIIH/TMTKcYX8HjRdqF2NG.1","action":"SyncServerConnectionManagerRequest", "result":"SYNC_SERVER_OK", "context":{"environment":"Prod_germanywestcentral_prod-s01-011-eur-germanywestcentral", "migrationStage":"NotStarted", "server":"akswtt100000075"}}
{"logTime": "0516/210659", "correlationVector":"PIIH/TMTKcYX8HjRdqF2NG.3","action":"Commit.Sessions", "result":"Success", "context":{"id":"398dfa3a-628a-4cf1-9d48-bbea6a709ee8", "isDeleted":"true", "size":"0", "version":"1778842093759"}}
{"logTime": "0516/210659", "correlationVector":"PIIH/TMTKcYX8HjRdqF2NG.2","action":"Commit Response", "result":"Success", "context":Result: Success. cV=PIIH/TMTKcYX8HjRdqF2NG.0;server=akswtt100000075;cloudType=Consumer;environment=Prod_germanywestcentral_prod-s01-011-eur-germanywestcentral;migrationStage=NotStarted}
{"logTime": "0516/210659", "correlationVector":"LQfjsvfJX7vm0vKt2RV8qT","action":"Commit Request", "result":"", "context":Item count: 1
Contributing types: Device Info}
{"logTime": "0516/210659", "correlationVector":"LQfjsvfJX7vm0vKt2RV8qT.1","action":"SyncServerConnectionManagerRequest", "result":"SYNC_SERVER_OK", "context":{"environment":"Prod_germanywestcentral_prod-s01-011-eur-germanywestcentral", "migrationStage":"NotStarted", "server":"akswtt10000000j"}}
{"logTime": "0516/210659", "correlationVector":"LQfjsvfJX7vm0vKt2RV8qT.2","action":"Commit Response", "result":"Success", "context":Result: Success. cV=LQfjsvfJX7vm0vKt2RV8qT.0;server=akswtt10000000j;cloudType=Consumer;environment=Prod_germanywestcentral_prod-s01-011-eur-germanywestcentral;migrationStage=NotStarted}
{"logTime": "0516/210659", "correlationVector":"emU4YhesU9/BsrngFdq1Hl","action":"Poll GetUpdate request", "result":"", "context":cV=emU4YhesU9/BsrngFdq1Hl}
{"logTime": "0516/210659", "correlationVector":"emU4YhesU9/BsrngFdq1Hl.1","action":"SyncServerConnectionManagerRequest", "result":"SYNC_SERVER_OK", "context":{"environment":"Prod_germanywestcentral_prod-s01-011-eur-germanywestcentral", "migrationStage":"NotStarted", "server":"akswtt10000000p"}}
{"logTime": "0516/210659", "correlationVector":"emU4YhesU9/BsrngFdq1Hl.2","action":"ProcessGetUpdates", "result":"Done", "context":{"dataType":"Sessions", "deleted":"1", "process_failed_to_decrypt":"0", "process_pending_decryption":"0", "process_success":"3", "total":"3"}}
{"logTime": "0516/210659", "correlationVector":"emU4YhesU9/BsrngFdq1Hl.3","action":"ProcessGetUpdates", "result":"Done", "context":{"dataType":"Device Info", "deleted":"0", "process_failed_to_decrypt":"0", "process_pending_decryption":"0", "process_success":"1", "total":"1"}}
{"logTime": "0516/210659", "correlationVector":"emU4YhesU9/BsrngFdq1Hl.4","action":"ProcessGetUpdates", "result":"Done", "context":{"dataType":"History", "deleted":"0", "process_failed_to_decrypt":"0", "process_pending_decryption":"0", "process_success":"1", "total":"1"}}
{"logTime": "0516/210659", "correlationVector":"emU4YhesU9/BsrngFdq1Hl.5","action":"ProcessGetUpdates", "result":"Done", "context":{"dataType":"Encryption Keys", "deleted":"0", "process_failed_to_decrypt":"0", "process_pending_decryption":"0", "process_success":"1", "total":"1"}}
{"logTime": "0516/210659", "correlationVector":"emU4YhesU9/BsrngFdq1Hl.6","action":"GetUpdates Response", "result":"Success", "context":Received 6 update(s). cV=emU4YhesU9/BsrngFdq1Hl.0;server=akswtt10000000p;cloudType=Consumer;environment=Prod_germanywestcentral_prod-s01-011-eur-germanywestcentral;migrationStage=NotStarted}
{"logTime": "0516/210800", "correlationVector":"JA5BM0Sk9RXKv469e8uqwC","action":"Commit Request", "result":"", "context":Item count: 2
Contributing types: Sessions, History}
{"logTime": "0516/210810", "correlationVector":"JA5BM0Sk9RXKv469e8uqwC.1","action":"SyncServerConnectionManagerRequest", "result":"SYNC_SERVER_OK", "context":{"environment":"Prod_germanywestcentral_prod-s01-011-eur-germanywestcentral", "migrationStage":"NotStarted", "server":"akswtt100000020"}}
{"logTime": "0516/210810", "correlationVector":"JA5BM0Sk9RXKv469e8uqwC.2","action":"Commit Response", "result":"Success", "context":Result: Success. cV=JA5BM0Sk9RXKv469e8uqwC.0;server=akswtt100000020;cloudType=Consumer;environment=Prod_germanywestcentral_prod-s01-011-eur-germanywestcentral;migrationStage=NotStarted}
{"logTime": "0516/210810", "correlationVector":"qMeP0v8aigkq1DvajsxFIw","action":"Commit Request", "result":"", "context":Item count: 1
Contributing types: Device Info}
{"logTime": "0516/210811", "correlationVector":"qMeP0v8aigkq1DvajsxFIw.1","action":"SyncServerConnectionManagerRequest", "result":"SYNC_SERVER_OK", "context":{"environment":"Prod_germanywestcentral_prod-s01-011-eur-germanywestcentral", "migrationStage":"NotStarted", "server":"akswtt10000004c"}}
{"logTime": "0516/210811", "correlationVector":"qMeP0v8aigkq1DvajsxFIw.2","action":"Commit Response", "result":"Success", "context":Result: Success. cV=qMeP0v8aigkq1DvajsxFIw.0;server=akswtt10000004c;cloudType=Consumer;environment=Prod_germanywestcentral_prod-s01-011-eur-germanywestcentral;migrationStage=NotStarted}
{"logTime": "0516/210912", "correlationVector":"MEKki27dHR9Mc0evnyeMdk","action":"Commit Request", "result":"", "context":Item count: 1
Contributing types: Sessions}
{"logTime": "0516/210922", "correlationVector":"MEKki27dHR9Mc0evnyeMdk.1","action":"SyncServerConnectionManagerRequest", "result":"SYNC_SERVER_OK", "context":{"environment":"Prod_germanywestcentral_prod-s01-011-eur-germanywestcentral", "migrationStage":"NotStarted", "server":"akswtt100000056"}}
{"logTime": "0516/210922", "correlationVector":"MEKki27dHR9Mc0evnyeMdk.2","action":"Commit Response", "result":"Success", "context":Result: Success. cV=MEKki27dHR9Mc0evnyeMdk.0;server=akswtt100000056;cloudType=Consumer;environment=Prod_germanywestcentral_prod-s01-011-eur-germanywestcentral;migrationStage=NotStarted}
{"logTime": "0516/212048", "correlationVector":"1s20cGo+HZadVBMF26dTGs","action":"Commit Request", "result":"", "context":Item count: 1
Contributing types: Sessions}
{"logTime": "0516/212048", "correlationVector":"1s20cGo+HZadVBMF26dTGs.1","action":"SyncServerConnectionManagerRequest", "result":"SYNC_SERVER_OK", "context":{"environment":"Prod_germanywestcentral_prod-s01-011-eur-germanywestcentral", "migrationStage":"NotStarted", "server":"akswtt10000007k"}}
{"logTime": "0516/212048", "correlationVector":"1s20cGo+HZadVBMF26dTGs.2","action":"Commit Response", "result":"Success", "context":Result: Success. cV=1s20cGo+HZadVBMF26dTGs.0;server=akswtt10000007k;cloudType=Consumer;environment=Prod_germanywestcentral_prod-s01-011-eur-germanywestcentral;migrationStage=NotStarted}
